#
# There is insufficient memory for the Java Runtime Environment to continue.
# Native memory allocation (malloc) failed to allocate 221249536 bytes for committing reserved memory.
# Possible reasons:
#   The system is out of physical RAM or swap space
#   In 32 bit mode, the process size limit was hit
# Possible solutions:
#   Reduce memory load on the system
#   Increase physical memory or swap space
#   Check if swap backing store is full
#   Use 64 bit Java on a 64 bit OS
#   Decrease Java heap size (-Xmx/-Xms)
#   Decrease number of Java threads
#   Decrease Java thread stack sizes (-Xss)
#   Set larger code cache with -XX:ReservedCodeCacheSize=
# This output file may be truncated or incomplete.
#
#  Out of Memory Error (os_linux.cpp:2809), pid=22051, tid=139748525668096
#
# JRE version: OpenJDK Runtime Environment (7.0_79-b14) (build 1.7.0_79-b14)
# Java VM: OpenJDK 64-Bit Server VM (24.79-b02 mixed mode linux-amd64 compressed oops)
# Derivative: IcedTea 2.5.5
# Distribution: Ubuntu 14.10, package 7u79-2.5.5-0ubuntu0.14.10.2
# Failed to write core dump. Core dumps have been disabled. To enable core dumping, try "ulimit -c unlimited" before starting Java again
#

---------------  T H R E A D  ---------------

Current thread (0x00007f19ec07f000):  VMThread [stack: 0x00007f19bd2af000,0x00007f19bd3b0000] [id=22064]

Stack: [0x00007f19bd2af000,0x00007f19bd3b0000],  sp=0x00007f19bd3ae4a0,  free space=1021k
Native frames: (J=compiled Java code, j=interpreted, Vv=VM code, C=native code)
V  [libjvm.so+0x982c56]  VMError::report_and_die()+0x186
V  [libjvm.so+0x48fb12]  report_vm_out_of_memory(char const*, int, unsigned long, char const*)+0x92
V  [libjvm.so+0x7f4c2b]  os::pd_commit_memory(char*, unsigned long, unsigned long, bool)+0xeb
V  [libjvm.so+0x7ef31e]  os::commit_memory(char*, unsigned long, unsigned long, bool)+0x2e
V  [libjvm.so+0x86215b]  PSVirtualSpace::expand_by(unsigned long)+0x5b
V  [libjvm.so+0x863013]  PSYoungGen::resize_generation(unsigned long, unsigned long)+0xd3
V  [libjvm.so+0x86372b]  PSYoungGen::resize(unsigned long, unsigned long)+0x1b
V  [libjvm.so+0x85f129]  PSScavenge::invoke_no_policy()+0xdc9
V  [libjvm.so+0x85f908]  PSScavenge::invoke()+0x38
V  [libjvm.so+0x817263]  ParallelScavengeHeap::failed_mem_allocate(unsigned long)+0x63
V  [libjvm.so+0x984522]  VM_ParallelGCFailedAllocation::doit()+0x92
V  [libjvm.so+0x988db7]  VM_Operation::evaluate()+0x47
V  [libjvm.so+0x98739b]  VMThread::evaluate_operation(VM_Operation*)+0xab
V  [libjvm.so+0x987a46]  VMThread::loop()+0x1e6
V  [libjvm.so+0x987f11]  VMThread::run()+0x81
V  [libjvm.so+0x7f1912]  java_start(Thread*)+0xf2

VM_Operation (0x00007f199e9531f0): ParallelGCFailedAllocation, mode: safepoint, requested by thread 0x00007f19ec1d8000


---------------  P R O C E S S  ---------------

Java Threads: ( => current thread )
  0x00007f19ec1e1800 JavaThread "pool-2-thread-4" [_thread_blocked, id=22076, stack(0x00007f199e652000,0x00007f199e753000)]
  0x00007f19ec1de000 JavaThread "pool-2-thread-3" [_thread_blocked, id=22075, stack(0x00007f199e753000,0x00007f199e854000)]
  0x00007f19ec1d8000 JavaThread "pool-2-thread-2" [_thread_blocked, id=22074, stack(0x00007f199e854000,0x00007f199e955000)]
  0x00007f19ec1d7800 JavaThread "pool-3-thread-1" [_thread_blocked, id=22073, stack(0x00007f199e955000,0x00007f199ea56000)]
  0x00007f19ec1d5000 JavaThread "pool-2-thread-1" [_thread_blocked, id=22072, stack(0x00007f19bc064000,0x00007f19bc165000)]
  0x00007f19ec0b8000 JavaThread "Service Thread" daemon [_thread_blocked, id=22070, stack(0x00007f19bc5c5000,0x00007f19bc6c6000)]
  0x00007f19ec0b6000 JavaThread "C2 CompilerThread1" daemon [_thread_blocked, id=22069, stack(0x00007f19bc6c6000,0x00007f19bc7c7000)]
  0x00007f19ec0b3000 JavaThread "C2 CompilerThread0" daemon [_thread_blocked, id=22068, stack(0x00007f19bc7c7000,0x00007f19bc8c8000)]
  0x00007f19ec0b0800 JavaThread "Signal Dispatcher" daemon [_thread_blocked, id=22067, stack(0x00007f19bc8c8000,0x00007f19bc9c9000)]
  0x00007f19ec085800 JavaThread "Finalizer" daemon [_thread_blocked, id=22066, stack(0x00007f19bd0ad000,0x00007f19bd1ae000)]
  0x00007f19ec083800 JavaThread "Reference Handler" daemon [_thread_blocked, id=22065, stack(0x00007f19bd1ae000,0x00007f19bd2af000)]
  0x00007f19ec00a000 JavaThread "main" [_thread_blocked, id=22055, stack(0x00007f19f3ace000,0x00007f19f3bcf000)]

Other Threads:
=>0x00007f19ec07f000 VMThread [stack: 0x00007f19bd2af000,0x00007f19bd3b0000] [id=22064]
  0x00007f19ec0c3000 WatcherThread [stack: 0x00007f19bc4c4000,0x00007f19bc5c5000] [id=22071]

VM state:at safepoint (normal execution)

VM Mutex/Monitor currently owned by a thread:  ([mutex/lock_event])
[0x00007f19ec006970] Threads_lock - owner thread: 0x00007f19ec07f000
[0x00007f19ec006e70] Heap_lock - owner thread: 0x00007f19ec1d8000

Heap
 PSYoungGen      total 741376K, used 165355K [0x00000007aaa80000, 0x00000007e3200000, 0x0000000800000000)
  eden space 576000K, 0% used [0x00000007aaa80000,0x00000007aaa80000,0x00000007cdd00000)
  from space 165376K, 99% used [0x00000007cdd00000,0x00000007d7e7ac08,0x00000007d7e80000)
  to   space 151552K, 0% used [0x00000007d7e80000,0x00000007d7e80000,0x00000007e1280000)
 ParOldGen       total 496640K, used 316360K [0x0000000700000000, 0x000000071e500000, 0x00000007aaa80000)
  object space 496640K, 63% used [0x0000000700000000,0x00000007134f2150,0x000000071e500000)
 PSPermGen       total 21504K, used 6539K [0x00000006f5a00000, 0x00000006f6f00000, 0x0000000700000000)
  object space 21504K, 30% used [0x00000006f5a00000,0x00000006f6062c08,0x00000006f6f00000)

Card table byte_map: [0x00007f19e87ac000,0x00007f19e9000000] byte_map_base: 0x00007f19e4fff000

Polling page: 0x00007f19f3bf0000

Code Cache  [0x00007f19e9000000, 0x00007f19e94c0000, 0x00007f19ec000000)
 total_blobs=1498 nmethods=1267 adapters=184 free_code_cache=44373Kb largest_free_block=45366400

Compilation events (10 events):
Event: 13.315 Thread 0x00007f19ec0b3000 1279             com.android.dx.rop.cst.CstLiteral64::hashCode (15 bytes)
Event: 13.316 Thread 0x00007f19ec0b3000 nmethod 1279 0x00007f19e9496e90 code [0x00007f19e9496fc0, 0x00007f19e9497038]
Event: 13.321 Thread 0x00007f19ec0b3000 1280             com.android.dx.command.dexer.Main::access$1700 (4 bytes)
Event: 13.322 Thread 0x00007f19ec0b3000 nmethod 1280 0x00007f19e94511d0 code [0x00007f19e9451300, 0x00007f19e9451358]
Event: 13.322 Thread 0x00007f19ec0b3000 1281             sun.util.calendar.CalendarDate::getMonth (5 bytes)
Event: 13.322 Thread 0x00007f19ec0b3000 nmethod 1281 0x00007f19e9450fd0 code [0x00007f19e9451100, 0x00007f19e9451158]
Event: 13.322 Thread 0x00007f19ec0b3000 1282             sun.util.calendar.CalendarDate::setNormalized (6 bytes)
Event: 13.322 Thread 0x00007f19ec0b3000 nmethod 1282 0x00007f19e91c2f90 code [0x00007f19e91c30c0, 0x00007f19e91c3118]
Event: 13.327 Thread 0x00007f19ec0b3000 1283             com.android.dx.command.dexer.Main::access$1600 (4 bytes)
Event: 13.328 Thread 0x00007f19ec0b3000 nmethod 1283 0x00007f19e91c2d90 code [0x00007f19e91c2ec0, 0x00007f19e91c2f18]

GC Heap History (10 events):
Event: 8.166 GC heap after
Heap after GC invocations=11 (full 2):
 PSYoungGen      total 546816K, used 37112K [0x00000007aaa80000, 0x00000007d5180000, 0x0000000800000000)
  eden space 483328K, 0% used [0x00000007aaa80000,0x00000007aaa80000,0x00000007c8280000)
  from space 63488K, 58% used [0x00000007c8280000,0x00000007ca6be038,0x00000007cc080000)
  to   space 95232K, 0% used [0x00000007cf480000,0x00000007cf480000,0x00000007d5180000)
 ParOldGen       total 283648K, used 162114K [0x0000000700000000, 0x0000000711500000, 0x00000007aaa80000)
  object space 283648K, 57% used [0x0000000700000000,0x0000000709e50810,0x0000000711500000)
 PSPermGen       total 21504K, used 6369K [0x00000006f5a00000, 0x00000006f6f00000, 0x0000000700000000)
  object space 21504K, 29% used [0x00000006f5a00000,0x00000006f60385c8,0x00000006f6f00000)
}
Event: 9.985 GC heap before
{Heap before GC invocations=12 (full 2):
 PSYoungGen      total 546816K, used 520440K [0x00000007aaa80000, 0x00000007d5180000, 0x0000000800000000)
  eden space 483328K, 100% used [0x00000007aaa80000,0x00000007c8280000,0x00000007c8280000)
  from space 63488K, 58% used [0x00000007c8280000,0x00000007ca6be038,0x00000007cc080000)
  to   space 95232K, 0% used [0x00000007cf480000,0x00000007cf480000,0x00000007d5180000)
 ParOldGen       total 283648K, used 162114K [0x0000000700000000, 0x0000000711500000, 0x00000007aaa80000)
  object space 283648K, 57% used [0x0000000700000000,0x0000000709e50810,0x0000000711500000)
 PSPermGen       total 21504K, used 6391K [0x00000006f5a00000, 0x00000006f6f00000, 0x0000000700000000)
  object space 21504K, 29% used [0x00000006f5a00000,0x00000006f603de98,0x00000006f6f00000)
Event: 10.192 GC heap after
Heap after GC invocations=12 (full 2):
 PSYoungGen      total 561152K, used 95208K [0x00000007aaa80000, 0x00000007dfd00000, 0x0000000800000000)
  eden space 465920K, 0% used [0x00000007aaa80000,0x00000007aaa80000,0x00000007c7180000)
  from space 95232K, 99% used [0x00000007cf480000,0x00000007d517a268,0x00000007d5180000)
  to   space 134144K, 0% used [0x00000007c7180000,0x00000007c7180000,0x00000007cf480000)
 ParOldGen       total 283648K, used 224673K [0x0000000700000000, 0x0000000711500000, 0x00000007aaa80000)
  object space 283648K, 79% used [0x0000000700000000,0x000000070db68438,0x0000000711500000)
 PSPermGen       total 21504K, used 6391K [0x00000006f5a00000, 0x00000006f6f00000, 0x0000000700000000)
  object space 21504K, 29% used [0x00000006f5a00000,0x00000006f603de98,0x00000006f6f00000)
}
Event: 11.308 GC heap before
{Heap before GC invocations=13 (full 2):
 PSYoungGen      total 561152K, used 561128K [0x00000007aaa80000, 0x00000007dfd00000, 0x0000000800000000)
  eden space 465920K, 100% used [0x00000007aaa80000,0x00000007c7180000,0x00000007c7180000)
  from space 95232K, 99% used [0x00000007cf480000,0x00000007d517a268,0x00000007d5180000)
  to   space 134144K, 0% used [0x00000007c7180000,0x00000007c7180000,0x00000007cf480000)
 ParOldGen       total 283648K, used 224673K [0x0000000700000000, 0x0000000711500000, 0x00000007aaa80000)
  object space 283648K, 79% used [0x0000000700000000,0x000000070db68438,0x0000000711500000)
 PSPermGen       total 21504K, used 6393K [0x00000006f5a00000, 0x00000006f6f00000, 0x0000000700000000)
  object space 21504K, 29% used [0x00000006f5a00000,0x00000006f603e6a8,0x00000006f6f00000)
Event: 11.471 GC heap after
Heap after GC invocations=13 (full 2):
 PSYoungGen      total 600064K, used 118293K [0x00000007aaa80000, 0x00000007e1280000, 0x0000000800000000)
  eden space 465920K, 0% used [0x00000007aaa80000,0x00000007aaa80000,0x00000007c7180000)
  from space 134144K, 88% used [0x00000007c7180000,0x00000007ce505400,0x00000007cf480000)
  to   space 151552K, 0% used [0x00000007d7e80000,0x00000007d7e80000,0x00000007e1280000)
 ParOldGen       total 313344K, used 311957K [0x0000000700000000, 0x0000000713200000, 0x00000007aaa80000)
  object space 313344K, 99% used [0x0000000700000000,0x00000007130a5690,0x0000000713200000)
 PSPermGen       total 21504K, used 6393K [0x00000006f5a00000, 0x00000006f6f00000, 0x0000000700000000)
  object space 21504K, 29% used [0x00000006f5a00000,0x00000006f603e6a8,0x00000006f6f00000)
}
Event: 11.471 GC heap before
{Heap before GC invocations=14 (full 3):
 PSYoungGen      total 600064K, used 118293K [0x00000007aaa80000, 0x00000007e1280000, 0x0000000800000000)
  eden space 465920K, 0% used [0x00000007aaa80000,0x00000007aaa80000,0x00000007c7180000)
  from space 134144K, 88% used [0x00000007c7180000,0x00000007ce505400,0x00000007cf480000)
  to   space 151552K, 0% used [0x00000007d7e80000,0x00000007d7e80000,0x00000007e1280000)
 ParOldGen       total 313344K, used 311957K [0x0000000700000000, 0x0000000713200000, 0x00000007aaa80000)
  object space 313344K, 99% used [0x0000000700000000,0x00000007130a5690,0x0000000713200000)
 PSPermGen       total 21504K, used 6393K [0x00000006f5a00000, 0x00000006f6f00000, 0x0000000700000000)
  object space 21504K, 29% used [0x00000006f5a00000,0x00000006f603e6a8,0x00000006f6f00000)
Event: 11.954 GC heap after
Heap after GC invocations=14 (full 3):
 PSYoungGen      total 600064K, used 34078K [0x00000007aaa80000, 0x00000007e1280000, 0x0000000800000000)
  eden space 465920K, 0% used [0x00000007aaa80000,0x00000007aaa80000,0x00000007c7180000)
  from space 134144K, 25% used [0x00000007c7180000,0x00000007c92c78c8,0x00000007cf480000)
  to   space 151552K, 0% used [0x00000007d7e80000,0x00000007d7e80000,0x00000007e1280000)
 ParOldGen       total 496640K, used 312969K [0x0000000700000000, 0x000000071e500000, 0x00000007aaa80000)
  object space 496640K, 63% used [0x0000000700000000,0x00000007131a2788,0x000000071e500000)
 PSPermGen       total 21504K, used 6393K [0x00000006f5a00000, 0x00000006f6f00000, 0x0000000700000000)
  object space 21504K, 29% used [0x00000006f5a00000,0x00000006f603e548,0x00000006f6f00000)
}
Event: 12.587 GC heap before
{Heap before GC invocations=15 (full 3):
 PSYoungGen      total 600064K, used 499998K [0x00000007aaa80000, 0x00000007e1280000, 0x0000000800000000)
  eden space 465920K, 100% used [0x00000007aaa80000,0x00000007c7180000,0x00000007c7180000)
  from space 134144K, 25% used [0x00000007c7180000,0x00000007c92c78c8,0x00000007cf480000)
  to   space 151552K, 0% used [0x00000007d7e80000,0x00000007d7e80000,0x00000007e1280000)
 ParOldGen       total 496640K, used 312969K [0x0000000700000000, 0x000000071e500000, 0x00000007aaa80000)
  object space 496640K, 63% used [0x0000000700000000,0x00000007131a2788,0x000000071e500000)
 PSPermGen       total 21504K, used 6493K [0x00000006f5a00000, 0x00000006f6f00000, 0x0000000700000000)
  object space 21504K, 30% used [0x00000006f5a00000,0x00000006f6057430,0x00000006f6f00000)
Event: 12.751 GC heap after
Heap after GC invocations=15 (full 3):
 PSYoungGen      total 727552K, used 118610K [0x00000007aaa80000, 0x00000007e3200000, 0x0000000800000000)
  eden space 576000K, 0% used [0x00000007aaa80000,0x00000007aaa80000,0x00000007cdd00000)
  from space 151552K, 78% used [0x00000007d7e80000,0x00000007df254970,0x00000007e1280000)
  to   space 165376K, 0% used [0x00000007cdd00000,0x00000007cdd00000,0x00000007d7e80000)
 ParOldGen       total 496640K, used 312969K [0x0000000700000000, 0x000000071e500000, 0x00000007aaa80000)
  object space 496640K, 63% used [0x0000000700000000,0x00000007131a2788,0x000000071e500000)
 PSPermGen       total 21504K, used 6493K [0x00000006f5a00000, 0x00000006f6f00000, 0x0000000700000000)
  object space 21504K, 30% used [0x00000006f5a00000,0x00000006f6057430,0x00000006f6f00000)
}
Event: 13.329 GC heap before
{Heap before GC invocations=16 (full 3):
 PSYoungGen      total 727552K, used 694610K [0x00000007aaa80000, 0x00000007e3200000, 0x0000000800000000)
  eden space 576000K, 100% used [0x00000007aaa80000,0x00000007cdd00000,0x00000007cdd00000)
  from space 151552K, 78% used [0x00000007d7e80000,0x00000007df254970,0x00000007e1280000)
  to   space 165376K, 0% used [0x00000007cdd00000,0x00000007cdd00000,0x00000007d7e80000)
 ParOldGen       total 496640K, used 312969K [0x0000000700000000, 0x000000071e500000, 0x00000007aaa80000)
  object space 496640K, 63% used [0x0000000700000000,0x00000007131a2788,0x000000071e500000)
 PSPermGen       total 21504K, used 6539K [0x00000006f5a00000, 0x00000006f6f00000, 0x0000000700000000)
  object space 21504K, 30% used [0x00000006f5a00000,0x00000006f6062c08,0x00000006f6f00000)

Deoptimization events (10 events):
Event: 12.561 Thread 0x00007f19ec1d8000 Uncommon trap: reason=unloaded action=reinterpret pc=0x00007f19e9332ce8 method=com.android.dx.dex.cf.AttributeTranslator.getClassAnnotations(Lcom/android/dx/cf/direct/DirectClassFile;Lcom/android/dx/dex/cf/CfOptions;)Lcom/android/dx/rop/annotation/Annotat
Event: 12.850 Thread 0x00007f19ec00a000 Uncommon trap: reason=bimorphic action=maybe_recompile pc=0x00007f19e936ab08 method=com.android.dx.cf.code.BytecodeArray.parseInstruction(ILcom/android/dx/cf/code/BytecodeArray$Visitor;)I @ 1549
Event: 12.850 Thread 0x00007f19ec00a000 Uncommon trap: reason=bimorphic action=maybe_recompile pc=0x00007f19e936ab08 method=com.android.dx.cf.code.BytecodeArray.parseInstruction(ILcom/android/dx/cf/code/BytecodeArray$Visitor;)I @ 1549
Event: 12.852 Thread 0x00007f19ec1de000 Uncommon trap: reason=bimorphic action=maybe_recompile pc=0x00007f19e914b694 method=com.android.dx.ssa.back.FirstFitLocalCombiningAllocator.findNextUnreservedRopReg(IILcom/android/dx/ssa/back/FirstFitLocalCombiningAllocator$Alignment;)I @ 60
Event: 12.855 Thread 0x00007f19ec1de000 Uncommon trap: reason=bimorphic action=maybe_recompile pc=0x00007f19e914b694 method=com.android.dx.ssa.back.FirstFitLocalCombiningAllocator.findNextUnreservedRopReg(IILcom/android/dx/ssa/back/FirstFitLocalCombiningAllocator$Alignment;)I @ 60
Event: 13.166 Thread 0x00007f19ec1de000 Uncommon trap: reason=bimorphic action=maybe_recompile pc=0x00007f19e931e6ec method=com.android.dx.ssa.NormalSsaInsn.changeOneSource(ILcom/android/dx/rop/code/RegisterSpec;)V @ 113
Event: 13.166 Thread 0x00007f19ec1de000 Uncommon trap: reason=bimorphic action=maybe_recompile pc=0x00007f19e931e6ec method=com.android.dx.ssa.NormalSsaInsn.changeOneSource(ILcom/android/dx/rop/code/RegisterSpec;)V @ 113
Event: 13.166 Thread 0x00007f19ec1de000 Uncommon trap: reason=bimorphic action=maybe_recompile pc=0x00007f19e931e6ec method=com.android.dx.ssa.NormalSsaInsn.changeOneSource(ILcom/android/dx/rop/code/RegisterSpec;)V @ 113
Event: 13.166 Thread 0x00007f19ec1de000 Uncommon trap: reason=bimorphic action=maybe_recompile pc=0x00007f19e931e6ec method=com.android.dx.ssa.NormalSsaInsn.changeOneSource(ILcom/android/dx/rop/code/RegisterSpec;)V @ 113
Event: 13.314 Thread 0x00007f19ec1d8000 Uncommon trap: reason=range_check action=make_not_entrant pc=0x00007f19e9499160 method=java.util.DualPivotQuicksort.sort([IIIZ)V @ 56

Internal exceptions (10 events):
Event: 2.922 Thread 0x00007f19ec00a000 Threw 0x00000007afda5708 at /build/buildd/openjdk-7-7u79-2.5.5/build/openjdk/hotspot/src/share/vm/prims/jvm.cpp:1284
Event: 3.048 Thread 0x00007f19ec00a000 Threw 0x00000007b1be8a68 at /build/buildd/openjdk-7-7u79-2.5.5/build/openjdk/hotspot/src/share/vm/prims/jvm.cpp:1284
Event: 3.167 Thread 0x00007f19ec1d8000 Implicit null exception at 0x00007f19e909aad5 to 0x00007f19e909c395
Event: 3.167 Thread 0x00007f19ec1d8000 Implicit null exception at 0x00007f19e90b2759 to 0x00007f19e90b421d
Event: 3.971 Thread 0x00007f19ec00a000 Implicit null exception at 0x00007f19e92386db to 0x00007f19e923af01
Event: 6.466 Thread 0x00007f19ec00a000 Threw 0x00000007b0ed2a70 at /build/buildd/openjdk-7-7u79-2.5.5/build/openjdk/hotspot/src/share/vm/prims/jvm.cpp:1284
Event: 6.540 Thread 0x00007f19ec1d5000 Threw 0x00000007b2222e98 at /build/buildd/openjdk-7-7u79-2.5.5/build/openjdk/hotspot/src/share/vm/prims/jvm.cpp:1284
Event: 8.805 Thread 0x00007f19ec00a000 Threw 0x00000007b75c0508 at /build/buildd/openjdk-7-7u79-2.5.5/build/openjdk/hotspot/src/share/vm/prims/jvm.cpp:1284
Event: 8.819 Thread 0x00007f19ec00a000 Threw 0x00000007b76f5f80 at /build/buildd/openjdk-7-7u79-2.5.5/build/openjdk/hotspot/src/share/vm/prims/jvm.cpp:1284
Event: 12.503 Thread 0x00007f19ec00a000 Threw 0x00000007c3e09b98 at /build/buildd/openjdk-7-7u79-2.5.5/build/openjdk/hotspot/src/share/vm/prims/jvm.cpp:1284

Events (10 events):
Event: 13.166 Thread 0x00007f19ec1de000 Uncommon trap: trap_request=0xffffffc6 fr.pc=0x00007f19e931e6ec
Event: 13.166 Thread 0x00007f19ec1de000 DEOPT PACKING pc=0x00007f19e931e6ec sp=0x00007f199e852320
Event: 13.166 Thread 0x00007f19ec1de000 DEOPT UNPACKING pc=0x00007f19e9039445 sp=0x00007f199e8522d8 mode 2
Event: 13.166 Thread 0x00007f19ec1de000 Uncommon trap: trap_request=0xffffffc6 fr.pc=0x00007f19e931e6ec
Event: 13.166 Thread 0x00007f19ec1de000 DEOPT PACKING pc=0x00007f19e931e6ec sp=0x00007f199e852320
Event: 13.166 Thread 0x00007f19ec1de000 DEOPT UNPACKING pc=0x00007f19e9039445 sp=0x00007f199e8522d8 mode 2
Event: 13.314 Thread 0x00007f19ec1d8000 Uncommon trap: trap_request=0xffffffe4 fr.pc=0x00007f19e9499160
Event: 13.314 Thread 0x00007f19ec1d8000 DEOPT PACKING pc=0x00007f19e9499160 sp=0x00007f199e9530f0
Event: 13.314 Thread 0x00007f19ec1d8000 DEOPT UNPACKING pc=0x00007f19e9039445 sp=0x00007f199e953078 mode 2
Event: 13.329 Executing VM operation: ParallelGCFailedAllocation


Dynamic libraries:
00400000-00401000 r-xp 00000000 08:0a 5114892                            /usr/lib/jvm/java-7-openjdk-amd64/jre/bin/java
00600000-00601000 r--p 00000000 08:0a 5114892                            /usr/lib/jvm/java-7-openjdk-amd64/jre/bin/java
00601000-00602000 rw-p 00001000 08:0a 5114892                            /usr/lib/jvm/java-7-openjdk-amd64/jre/bin/java
00b15000-00b36000 rw-p 00000000 00:00 0                                  [heap]
6f5a00000-6f6f00000 rw-p 00000000 00:00 0 
6f6f00000-700000000 rw-p 00000000 00:00 0 
700000000-71e500000 rw-p 00000000 00:00 0 
71e500000-7aaa80000 rw-p 00000000 00:00 0 
7aaa80000-7e3200000 rw-p 00000000 00:00 0 
7f0500000-800000000 rw-p 00000000 00:00 0 
7f1984000000-7f1984021000 rw-p 00000000 00:00 0 
7f1984021000-7f1988000000 ---p 00000000 00:00 0 
7f1988000000-7f1988021000 rw-p 00000000 00:00 0 
7f1988021000-7f198c000000 ---p 00000000 00:00 0 
7f198c000000-7f198c021000 rw-p 00000000 00:00 0 
7f198c021000-7f1990000000 ---p 00000000 00:00 0 
7f1990000000-7f1990030000 rw-p 00000000 00:00 0 
7f1990030000-7f1994000000 ---p 00000000 00:00 0 
7f1994000000-7f1994037000 rw-p 00000000 00:00 0 
7f1994037000-7f1998000000 ---p 00000000 00:00 0 
7f1998000000-7f1998021000 rw-p 00000000 00:00 0 
7f1998021000-7f199c000000 ---p 00000000 00:00 0 
7f199e652000-7f199e655000 ---p 00000000 00:00 0 
7f199e655000-7f199e753000 rw-p 00000000 00:00 0                          [stack:22076]
7f199e753000-7f199e756000 ---p 00000000 00:00 0 
7f199e756000-7f199e854000 rw-p 00000000 00:00 0                          [stack:22075]
7f199e854000-7f199e857000 ---p 00000000 00:00 0 
7f199e857000-7f199e955000 rw-p 00000000 00:00 0                          [stack:22074]
7f199e955000-7f199e958000 ---p 00000000 00:00 0 
7f199e958000-7f199ea56000 rw-p 00000000 00:00 0                          [stack:22073]
7f199ea56000-7f199eac2000 r-xp 00000000 08:0a 4984987                    /lib/x86_64-linux-gnu/libpcre.so.3.13.1
7f199eac2000-7f199ecc1000 ---p 0006c000 08:0a 4984987                    /lib/x86_64-linux-gnu/libpcre.so.3.13.1
7f199ecc1000-7f199ecc2000 r--p 0006b000 08:0a 4984987                    /lib/x86_64-linux-gnu/libpcre.so.3.13.1
7f199ecc2000-7f199ecc3000 rw-p 0006c000 08:0a 4984987                    /lib/x86_64-linux-gnu/libpcre.so.3.13.1
7f199ecc3000-7f199ecca000 r-xp 00000000 08:0a 2367666                    /usr/lib/x86_64-linux-gnu/libffi.so.6.0.2
7f199ecca000-7f199eec9000 ---p 00007000 08:0a 2367666                    /usr/lib/x86_64-linux-gnu/libffi.so.6.0.2
7f199eec9000-7f199eeca000 r--p 00006000 08:0a 2367666                    /usr/lib/x86_64-linux-gnu/libffi.so.6.0.2
7f199eeca000-7f199eecb000 rw-p 00007000 08:0a 2367666                    /usr/lib/x86_64-linux-gnu/libffi.so.6.0.2
7f199eecb000-7f199eee2000 r-xp 00000000 08:0a 4980940                    /lib/x86_64-linux-gnu/libresolv-2.19.so
7f199eee2000-7f199f0e2000 ---p 00017000 08:0a 4980940                    /lib/x86_64-linux-gnu/libresolv-2.19.so
7f199f0e2000-7f199f0e3000 r--p 00017000 08:0a 4980940                    /lib/x86_64-linux-gnu/libresolv-2.19.so
7f199f0e3000-7f199f0e4000 rw-p 00018000 08:0a 4980940                    /lib/x86_64-linux-gnu/libresolv-2.19.so
7f199f0e4000-7f199f0e6000 rw-p 00000000 00:00 0 
7f199f0e6000-7f199f107000 r-xp 00000000 08:0a 4985014                    /lib/x86_64-linux-gnu/libselinux.so.1
7f199f107000-7f199f306000 ---p 00021000 08:0a 4985014                    /lib/x86_64-linux-gnu/libselinux.so.1
7f199f306000-7f199f307000 r--p 00020000 08:0a 4985014                    /lib/x86_64-linux-gnu/libselinux.so.1
7f199f307000-7f199f308000 rw-p 00021000 08:0a 4985014                    /lib/x86_64-linux-gnu/libselinux.so.1
7f199f308000-7f199f30a000 rw-p 00000000 00:00 0 
7f199f30a000-7f199f30d000 r-xp 00000000 08:0a 2359704                    /usr/lib/x86_64-linux-gnu/libgmodule-2.0.so.0.4200.1
7f199f30d000-7f199f50c000 ---p 00003000 08:0a 2359704                    /usr/lib/x86_64-linux-gnu/libgmodule-2.0.so.0.4200.1
7f199f50c000-7f199f50d000 r--p 00002000 08:0a 2359704                    /usr/lib/x86_64-linux-gnu/libgmodule-2.0.so.0.4200.1
7f199f50d000-7f199f50e000 rw-p 00003000 08:0a 2359704                    /usr/lib/x86_64-linux-gnu/libgmodule-2.0.so.0.4200.1
7f199f50e000-7f199f61a000 r-xp 00000000 08:0a 4984845                    /lib/x86_64-linux-gnu/libglib-2.0.so.0.4200.1
7f199f61a000-7f199f81a000 ---p 0010c000 08:0a 4984845                    /lib/x86_64-linux-gnu/libglib-2.0.so.0.4200.1
7f199f81a000-7f199f81b000 r--p 0010c000 08:0a 4984845                    /lib/x86_64-linux-gnu/libglib-2.0.so.0.4200.1
7f199f81b000-7f199f81c000 rw-p 0010d000 08:0a 4984845                    /lib/x86_64-linux-gnu/libglib-2.0.so.0.4200.1
7f199f81c000-7f199f81d000 rw-p 00000000 00:00 0 
7f199f81d000-7f199f86d000 r-xp 00000000 08:0a 2359683                    /usr/lib/x86_64-linux-gnu/libgobject-2.0.so.0.4200.1
7f199f86d000-7f199fa6d000 ---p 00050000 08:0a 2359683                    /usr/lib/x86_64-linux-gnu/libgobject-2.0.so.0.4200.1
7f199fa6d000-7f199fa6e000 r--p 00050000 08:0a 2359683                    /usr/lib/x86_64-linux-gnu/libgobject-2.0.so.0.4200.1
7f199fa6e000-7f199fa6f000 rw-p 00051000 08:0a 2359683                    /usr/lib/x86_64-linux-gnu/libgobject-2.0.so.0.4200.1
7f199fa6f000-7f199fbe0000 r-xp 00000000 08:0a 2359701                    /usr/lib/x86_64-linux-gnu/libgio-2.0.so.0.4200.1
7f199fbe0000-7f199fde0000 ---p 00171000 08:0a 2359701                    /usr/lib/x86_64-linux-gnu/libgio-2.0.so.0.4200.1
7f199fde0000-7f199fde4000 r--p 00171000 08:0a 2359701                    /usr/lib/x86_64-linux-gnu/libgio-2.0.so.0.4200.1
7f199fde4000-7f199fde6000 rw-p 00175000 08:0a 2359701                    /usr/lib/x86_64-linux-gnu/libgio-2.0.so.0.4200.1
7f199fde6000-7f199fde8000 rw-p 00000000 00:00 0 
7f199fde8000-7f199fdff000 r-xp 00000000 08:0a 5114942                    /usr/lib/jvm/java-7-openjdk-amd64/jre/lib/amd64/libnet.so
7f199fdff000-7f199fffe000 ---p 00017000 08:0a 5114942                    /usr/lib/jvm/java-7-openjdk-amd64/jre/lib/amd64/libnet.so
7f199fffe000-7f199ffff000 r--p 00016000 08:0a 5114942                    /usr/lib/jvm/java-7-openjdk-amd64/jre/lib/amd64/libnet.so
7f199ffff000-7f19a0000000 rw-p 00017000 08:0a 5114942                    /usr/lib/jvm/java-7-openjdk-amd64/jre/lib/amd64/libnet.so
7f19a0000000-7f19a17b8000 rw-p 00000000 00:00 0 
7f19a17b8000-7f19a4000000 ---p 00000000 00:00 0 
7f19a4000000-7f19a4021000 rw-p 00000000 00:00 0 
7f19a4021000-7f19a8000000 ---p 00000000 00:00 0 
7f19a8000000-7f19a8021000 rw-p 00000000 00:00 0 
7f19a8021000-7f19ac000000 ---p 00000000 00:00 0 
7f19ac000000-7f19ad944000 rw-p 00000000 00:00 0 
7f19ad944000-7f19b0000000 ---p 00000000 00:00 0 
7f19b0000000-7f19b0021000 rw-p 00000000 00:00 0 
7f19b0021000-7f19b4000000 ---p 00000000 00:00 0 
7f19b4000000-7f19b4021000 rw-p 00000000 00:00 0 
7f19b4021000-7f19b8000000 ---p 00000000 00:00 0 
7f19b8000000-7f19b8241000 rw-p 00000000 00:00 0 
7f19b8241000-7f19bc000000 ---p 00000000 00:00 0 
7f19bc064000-7f19bc067000 ---p 00000000 00:00 0 
7f19bc067000-7f19bc196000 rw-p 00000000 00:00 0                          [stack:22072]
7f19bc1b3000-7f19bc1c4000 r-xp 00000000 08:0a 5114918                    /usr/lib/jvm/java-7-openjdk-amd64/jre/lib/amd64/libnio.so
7f19bc1c4000-7f19bc3c3000 ---p 00011000 08:0a 5114918                    /usr/lib/jvm/java-7-openjdk-amd64/jre/lib/amd64/libnio.so
7f19bc3c3000-7f19bc3c4000 r--p 00010000 08:0a 5114918                    /usr/lib/jvm/java-7-openjdk-amd64/jre/lib/amd64/libnio.so
7f19bc3c4000-7f19bc3c5000 rw-p 00011000 08:0a 5114918                    /usr/lib/jvm/java-7-openjdk-amd64/jre/lib/amd64/libnio.so
7f19bc3e8000-7f19bc4c4000 r--s 00943000 08:0a 20582397                   /home/lucas/git/melhoremcasa/SaudeEmCasa/app/build/intermediates/multi-dex/debug/allclasses.jar
7f19bc4c4000-7f19bc4c5000 ---p 00000000 00:00 0 
7f19bc4c5000-7f19bc5c5000 rw-p 00000000 00:00 0                          [stack:22071]
7f19bc5c5000-7f19bc5c8000 ---p 00000000 00:00 0 
7f19bc5c8000-7f19bc6c6000 rw-p 00000000 00:00 0                          [stack:22070]
7f19bc6c6000-7f19bc6c9000 ---p 00000000 00:00 0 
7f19bc6c9000-7f19bc7c7000 rw-p 00000000 00:00 0                          [stack:22069]
7f19bc7c7000-7f19bc7ca000 ---p 00000000 00:00 0 
7f19bc7ca000-7f19bc8c8000 rw-p 00000000 00:00 0                          [stack:22068]
7f19bc8c8000-7f19bc8cb000 ---p 00000000 00:00 0 
7f19bc8cb000-7f19bc9c9000 rw-p 00000000 00:00 0                          [stack:22067]
7f19bc9c9000-7f19bd0ad000 r--p 00000000 08:0a 2366447                    /usr/lib/locale/locale-archive
7f19bd0ad000-7f19bd0b0000 ---p 00000000 00:00 0 
7f19bd0b0000-7f19bd1ae000 rw-p 00000000 00:00 0                          [stack:22066]
7f19bd1ae000-7f19bd1b1000 ---p 00000000 00:00 0 
7f19bd1b1000-7f19bd2af000 rw-p 00000000 00:00 0                          [stack:22065]
7f19bd2af000-7f19bd2b0000 ---p 00000000 00:00 0 
7f19bd2b0000-7f19beffb000 rw-p 00000000 00:00 0                          [stack:22064]
7f19beffb000-7f19bf1ac000 r--s 01d27000 08:0a 5114949                    /usr/lib/jvm/java-7-openjdk-amd64/jre/lib/rt.jar
7f19bf1ac000-7f19c8000000 rw-p 00000000 00:00 0 
7f19c8000000-7f19c8021000 rw-p 00000000 00:00 0 
7f19c8021000-7f19cc000000 ---p 00000000 00:00 0 
7f19cc000000-7f19cc021000 rw-p 00000000 00:00 0 
7f19cc021000-7f19d0000000 ---p 00000000 00:00 0 
7f19d0000000-7f19d0024000 rw-p 00000000 00:00 0 
7f19d0024000-7f19d4000000 ---p 00000000 00:00 0 
7f19d4000000-7f19d4021000 rw-p 00000000 00:00 0 
7f19d4021000-7f19d8000000 ---p 00000000 00:00 0 
7f19d8000000-7f19d8021000 rw-p 00000000 00:00 0 
7f19d8021000-7f19dc000000 ---p 00000000 00:00 0 
7f19dc000000-7f19dc021000 rw-p 00000000 00:00 0 
7f19dc021000-7f19e0000000 ---p 00000000 00:00 0 
7f19e0000000-7f19e0021000 rw-p 00000000 00:00 0 
7f19e0021000-7f19e4000000 ---p 00000000 00:00 0 
7f19e4000000-7f19e4021000 rw-p 00000000 00:00 0 
7f19e4021000-7f19e8000000 ---p 00000000 00:00 0 
7f19e8008000-7f19e80a5000 rw-p 00000000 00:00 0 
7f19e80a5000-7f19e80a6000 ---p 00000000 00:00 0 
7f19e80a6000-7f19e81a6000 rw-p 00000000 00:00 0                          [stack:22063]
7f19e81a6000-7f19e81a7000 ---p 00000000 00:00 0 
7f19e81a7000-7f19e82a7000 rw-p 00000000 00:00 0                          [stack:22062]
7f19e82a7000-7f19e82a8000 ---p 00000000 00:00 0 
7f19e82a8000-7f19e83a8000 rw-p 00000000 00:00 0                          [stack:22061]
7f19e83a8000-7f19e83a9000 ---p 00000000 00:00 0 
7f19e83a9000-7f19e84a9000 rw-p 00000000 00:00 0                          [stack:22060]
7f19e84a9000-7f19e84aa000 ---p 00000000 00:00 0 
7f19e84aa000-7f19e85aa000 rw-p 00000000 00:00 0                          [stack:22059]
7f19e85aa000-7f19e85ab000 ---p 00000000 00:00 0 
7f19e85ab000-7f19e86ab000 rw-p 00000000 00:00 0                          [stack:22058]
7f19e86ab000-7f19e86ac000 ---p 00000000 00:00 0 
7f19e86ac000-7f19e87b7000 rw-p 00000000 00:00 0                          [stack:22057]
7f19e87b7000-7f19e87ff000 rw-p 00000000 00:00 0 
7f19e87ff000-7f19e88f2000 rw-p 00000000 00:00 0 
7f19e88f2000-7f19e8d54000 rw-p 00000000 00:00 0 
7f19e8d54000-7f19e8f18000 rw-p 00000000 00:00 0 
7f19e8f18000-7f19e8fff000 rw-p 00000000 00:00 0 
7f19e8fff000-7f19e9000000 rw-p 00000000 00:00 0 
7f19e9000000-7f19e94c0000 rwxp 00000000 00:00 0 
7f19e94c0000-7f19ec2d7000 rw-p 00000000 00:00 0 
7f19ec2d7000-7f19f0000000 ---p 00000000 00:00 0 
7f19f0000000-7f19f0021000 rw-p 00000000 00:00 0 
7f19f0021000-7f19f0022000 ---p 00000000 00:00 0 
7f19f0022000-7f19f012d000 rw-p 00000000 00:00 0                          [stack:22056]
7f19f012d000-7f19f0175000 rw-p 00000000 00:00 0 
7f19f0175000-7f19f0268000 rw-p 00000000 00:00 0 
7f19f0268000-7f19f06cb000 rw-p 00000000 00:00 0 
7f19f06cb000-7f19f06d3000 r-xp 00000000 08:0a 5114920                    /usr/lib/jvm/java-7-openjdk-amd64/jre/lib/amd64/libzip.so
7f19f06d3000-7f19f08d2000 ---p 00008000 08:0a 5114920                    /usr/lib/jvm/java-7-openjdk-amd64/jre/lib/amd64/libzip.so
7f19f08d2000-7f19f08d3000 r--p 00007000 08:0a 5114920                    /usr/lib/jvm/java-7-openjdk-amd64/jre/lib/amd64/libzip.so
7f19f08d3000-7f19f08d4000 rw-p 00008000 08:0a 5114920                    /usr/lib/jvm/java-7-openjdk-amd64/jre/lib/amd64/libzip.so
7f19f08d4000-7f19f08df000 r-xp 00000000 08:0a 4980945                    /lib/x86_64-linux-gnu/libnss_files-2.19.so
7f19f08df000-7f19f0ade000 ---p 0000b000 08:0a 4980945                    /lib/x86_64-linux-gnu/libnss_files-2.19.so
7f19f0ade000-7f19f0adf000 r--p 0000a000 08:0a 4980945                    /lib/x86_64-linux-gnu/libnss_files-2.19.so
7f19f0adf000-7f19f0ae0000 rw-p 0000b000 08:0a 4980945                    /lib/x86_64-linux-gnu/libnss_files-2.19.so
7f19f0ae0000-7f19f0aeb000 r-xp 00000000 08:0a 4980947                    /lib/x86_64-linux-gnu/libnss_nis-2.19.so
7f19f0aeb000-7f19f0cea000 ---p 0000b000 08:0a 4980947                    /lib/x86_64-linux-gnu/libnss_nis-2.19.so
7f19f0cea000-7f19f0ceb000 r--p 0000a000 08:0a 4980947                    /lib/x86_64-linux-gnu/libnss_nis-2.19.so
7f19f0ceb000-7f19f0cec000 rw-p 0000b000 08:0a 4980947                    /lib/x86_64-linux-gnu/libnss_nis-2.19.so
7f19f0cec000-7f19f0d03000 r-xp 00000000 08:0a 4980931                    /lib/x86_64-linux-gnu/libnsl-2.19.so
7f19f0d03000-7f19f0f02000 ---p 00017000 08:0a 4980931                    /lib/x86_64-linux-gnu/libnsl-2.19.so
7f19f0f02000-7f19f0f03000 r--p 00016000 08:0a 4980931                    /lib/x86_64-linux-gnu/libnsl-2.19.so
7f19f0f03000-7f19f0f04000 rw-p 00017000 08:0a 4980931                    /lib/x86_64-linux-gnu/libnsl-2.19.so
7f19f0f04000-7f19f0f06000 rw-p 00000000 00:00 0 
7f19f0f06000-7f19f0f0f000 r-xp 00000000 08:0a 4980932                    /lib/x86_64-linux-gnu/libnss_compat-2.19.so
7f19f0f0f000-7f19f110e000 ---p 00009000 08:0a 4980932                    /lib/x86_64-linux-gnu/libnss_compat-2.19.so
7f19f110e000-7f19f110f000 r--p 00008000 08:0a 4980932                    /lib/x86_64-linux-gnu/libnss_compat-2.19.so
7f19f110f000-7f19f1110000 rw-p 00009000 08:0a 4980932                    /lib/x86_64-linux-gnu/libnss_compat-2.19.so
7f19f1110000-7f19f113d000 r-xp 00000000 08:0a 5114930                    /usr/lib/jvm/java-7-openjdk-amd64/jre/lib/amd64/libjava.so
7f19f113d000-7f19f133c000 ---p 0002d000 08:0a 5114930                    /usr/lib/jvm/java-7-openjdk-amd64/jre/lib/amd64/libjava.so
7f19f133c000-7f19f133d000 r--p 0002c000 08:0a 5114930                    /usr/lib/jvm/java-7-openjdk-amd64/jre/lib/amd64/libjava.so
7f19f133d000-7f19f133f000 rw-p 0002d000 08:0a 5114930                    /usr/lib/jvm/java-7-openjdk-amd64/jre/lib/amd64/libjava.so
7f19f133f000-7f19f1350000 r-xp 00000000 08:0a 5114933                    /usr/lib/jvm/java-7-openjdk-amd64/jre/lib/amd64/libverify.so
7f19f1350000-7f19f154f000 ---p 00011000 08:0a 5114933                    /usr/lib/jvm/java-7-openjdk-amd64/jre/lib/amd64/libverify.so
7f19f154f000-7f19f1551000 r--p 00010000 08:0a 5114933                    /usr/lib/jvm/java-7-openjdk-amd64/jre/lib/amd64/libverify.so
7f19f1551000-7f19f1552000 rw-p 00012000 08:0a 5114933                    /usr/lib/jvm/java-7-openjdk-amd64/jre/lib/amd64/libverify.so
7f19f1552000-7f19f1559000 r-xp 00000000 08:0a 4980948                    /lib/x86_64-linux-gnu/librt-2.19.so
7f19f1559000-7f19f1758000 ---p 00007000 08:0a 4980948                    /lib/x86_64-linux-gnu/librt-2.19.so
7f19f1758000-7f19f1759000 r--p 00006000 08:0a 4980948                    /lib/x86_64-linux-gnu/librt-2.19.so
7f19f1759000-7f19f175a000 rw-p 00007000 08:0a 4980948                    /lib/x86_64-linux-gnu/librt-2.19.so
7f19f175a000-7f19f1770000 r-xp 00000000 08:0a 4984905                    /lib/x86_64-linux-gnu/libgcc_s.so.1
7f19f1770000-7f19f196f000 ---p 00016000 08:0a 4984905                    /lib/x86_64-linux-gnu/libgcc_s.so.1
7f19f196f000-7f19f1970000 r--p 00015000 08:0a 4984905                    /lib/x86_64-linux-gnu/libgcc_s.so.1
7f19f1970000-7f19f1971000 rw-p 00016000 08:0a 4984905                    /lib/x86_64-linux-gnu/libgcc_s.so.1
7f19f1971000-7f19f1a76000 r-xp 00000000 08:0a 4980927                    /lib/x86_64-linux-gnu/libm-2.19.so
7f19f1a76000-7f19f1c75000 ---p 00105000 08:0a 4980927                    /lib/x86_64-linux-gnu/libm-2.19.so
7f19f1c75000-7f19f1c76000 r--p 00104000 08:0a 4980927                    /lib/x86_64-linux-gnu/libm-2.19.so
7f19f1c76000-7f19f1c77000 rw-p 00105000 08:0a 4980927                    /lib/x86_64-linux-gnu/libm-2.19.so
7f19f1c77000-7f19f1d67000 r-xp 00000000 08:0a 2368318                    /usr/lib/x86_64-linux-gnu/libstdc++.so.6.0.20
7f19f1d67000-7f19f1f67000 ---p 000f0000 08:0a 2368318                    /usr/lib/x86_64-linux-gnu/libstdc++.so.6.0.20
7f19f1f67000-7f19f1f6f000 r--p 000f0000 08:0a 2368318                    /usr/lib/x86_64-linux-gnu/libstdc++.so.6.0.20
7f19f1f6f000-7f19f1f71000 rw-p 000f8000 08:0a 2368318                    /usr/lib/x86_64-linux-gnu/libstdc++.so.6.0.20
7f19f1f71000-7f19f1f86000 rw-p 00000000 00:00 0 
7f19f1f86000-7f19f2ad6000 r-xp 00000000 08:0a 6685571                    /usr/lib/jvm/java-7-openjdk-amd64/jre/lib/amd64/server/libjvm.so
7f19f2ad6000-7f19f2cd5000 ---p 00b50000 08:0a 6685571                    /usr/lib/jvm/java-7-openjdk-amd64/jre/lib/amd64/server/libjvm.so
7f19f2cd5000-7f19f2d74000 r--p 00b4f000 08:0a 6685571                    /usr/lib/jvm/java-7-openjdk-amd64/jre/lib/amd64/server/libjvm.so
7f19f2d74000-7f19f2d97000 rw-p 00bee000 08:0a 6685571                    /usr/lib/jvm/java-7-openjdk-amd64/jre/lib/amd64/server/libjvm.so
7f19f2d97000-7f19f2dc4000 rw-p 00000000 00:00 0 
7f19f2dc4000-7f19f2ddc000 r-xp 00000000 08:0a 4985049                    /lib/x86_64-linux-gnu/libz.so.1.2.8
7f19f2ddc000-7f19f2fdb000 ---p 00018000 08:0a 4985049                    /lib/x86_64-linux-gnu/libz.so.1.2.8
7f19f2fdb000-7f19f2fdc000 r--p 00017000 08:0a 4985049                    /lib/x86_64-linux-gnu/libz.so.1.2.8
7f19f2fdc000-7f19f2fdd000 rw-p 00018000 08:0a 4985049                    /lib/x86_64-linux-gnu/libz.so.1.2.8
7f19f2fdd000-7f19f2ff6000 r-xp 00000000 08:0a 4980935                    /lib/x86_64-linux-gnu/libpthread-2.19.so
7f19f2ff6000-7f19f31f5000 ---p 00019000 08:0a 4980935                    /lib/x86_64-linux-gnu/libpthread-2.19.so
7f19f31f5000-7f19f31f6000 r--p 00018000 08:0a 4980935                    /lib/x86_64-linux-gnu/libpthread-2.19.so
7f19f31f6000-7f19f31f7000 rw-p 00019000 08:0a 4980935                    /lib/x86_64-linux-gnu/libpthread-2.19.so
7f19f31f7000-7f19f31fb000 rw-p 00000000 00:00 0 
7f19f31fb000-7f19f31fe000 r-xp 00000000 08:0a 4980934                    /lib/x86_64-linux-gnu/libdl-2.19.so
7f19f31fe000-7f19f33fd000 ---p 00003000 08:0a 4980934                    /lib/x86_64-linux-gnu/libdl-2.19.so
7f19f33fd000-7f19f33fe000 r--p 00002000 08:0a 4980934                    /lib/x86_64-linux-gnu/libdl-2.19.so
7f19f33fe000-7f19f33ff000 rw-p 00003000 08:0a 4980934                    /lib/x86_64-linux-gnu/libdl-2.19.so
7f19f33ff000-7f19f35b9000 r-xp 00000000 08:0a 4980946                    /lib/x86_64-linux-gnu/libc-2.19.so
7f19f35b9000-7f19f37b8000 ---p 001ba000 08:0a 4980946                    /lib/x86_64-linux-gnu/libc-2.19.so
7f19f37b8000-7f19f37bc000 r--p 001b9000 08:0a 4980946                    /lib/x86_64-linux-gnu/libc-2.19.so
7f19f37bc000-7f19f37be000 rw-p 001bd000 08:0a 4980946                    /lib/x86_64-linux-gnu/libc-2.19.so
7f19f37be000-7f19f37c3000 rw-p 00000000 00:00 0 
7f19f37c3000-7f19f37d0000 r-xp 00000000 08:0a 6685569                    /usr/lib/jvm/java-7-openjdk-amd64/jre/lib/amd64/jli/libjli.so
7f19f37d0000-7f19f39cf000 ---p 0000d000 08:0a 6685569                    /usr/lib/jvm/java-7-openjdk-amd64/jre/lib/amd64/jli/libjli.so
7f19f39cf000-7f19f39d0000 r--p 0000c000 08:0a 6685569                    /usr/lib/jvm/java-7-openjdk-amd64/jre/lib/amd64/jli/libjli.so
7f19f39d0000-7f19f39d1000 rw-p 0000d000 08:0a 6685569                    /usr/lib/jvm/java-7-openjdk-amd64/jre/lib/amd64/jli/libjli.so
7f19f39d1000-7f19f39f4000 r-xp 00000000 08:0a 4980941                    /lib/x86_64-linux-gnu/ld-2.19.so
7f19f39fe000-7f19f39ff000 rw-p 00000000 00:00 0 
7f19f39ff000-7f19f3a0e000 r--s 000df000 08:0a 18220658                   /home/lucas/Android/Sdk/build-tools/23.0.1/lib/dx.jar
7f19f3a0e000-7f19f3a21000 rw-p 00000000 00:00 0 
7f19f3a21000-7f19f3ace000 rw-p 00000000 00:00 0 
7f19f3ace000-7f19f3ad1000 ---p 00000000 00:00 0 
7f19f3ad1000-7f19f3bd4000 rw-p 00000000 00:00 0                          [stack:22055]
7f19f3bd4000-7f19f3bd6000 r--s 00012000 08:0a 6685581                    /usr/lib/jvm/java-7-openjdk-amd64/jre/lib/ext/zipfs.jar
7f19f3bd6000-7f19f3bda000 r--s 0003c000 08:0a 6685580                    /usr/lib/jvm/java-7-openjdk-amd64/jre/lib/ext/sunpkcs11.jar
7f19f3bda000-7f19f3bdc000 r--s 00006000 08:0a 2756432                    /usr/share/java/java-atk-wrapper.jar
7f19f3bdc000-7f19f3bdd000 r--s 00002000 08:0a 6685583                    /usr/lib/jvm/java-7-openjdk-amd64/jre/lib/ext/dnsns.jar
7f19f3bdd000-7f19f3be1000 r--s 00034000 08:0a 6685584                    /usr/lib/jvm/java-7-openjdk-amd64/jre/lib/ext/sunjce_provider.jar
7f19f3be1000-7f19f3be4000 r--s 0000f000 08:0a 6685582                    /usr/lib/jvm/java-7-openjdk-amd64/jre/lib/ext/icedtea-sound.jar
7f19f3be4000-7f19f3be7000 r--s 00086000 08:0a 6685585                    /usr/lib/jvm/java-7-openjdk-amd64/jre/lib/ext/localedata.jar
7f19f3be7000-7f19f3bef000 rw-s 00000000 08:0a 3694221                    /tmp/hsperfdata_lucas/22051
7f19f3bef000-7f19f3bf0000 rw-p 00000000 00:00 0 
7f19f3bf0000-7f19f3bf1000 ---p 00000000 00:00 0 
7f19f3bf1000-7f19f3bf3000 rw-p 00000000 00:00 0 
7f19f3bf3000-7f19f3bf4000 r--p 00022000 08:0a 4980941                    /lib/x86_64-linux-gnu/ld-2.19.so
7f19f3bf4000-7f19f3bf5000 rw-p 00023000 08:0a 4980941                    /lib/x86_64-linux-gnu/ld-2.19.so
7f19f3bf5000-7f19f3bf6000 rw-p 00000000 00:00 0 
7fff60176000-7fff60197000 rw-p 00000000 00:00 0                          [stack]
7fff601c6000-7fff601c8000 r-xp 00000000 00:00 0                          [vdso]
7fff601c8000-7fff601ca000 r--p 00000000 00:00 0                          [vvar]
ffffffffff600000-ffffffffff601000 r-xp 00000000 00:00 0                  [vsyscall]

VM Arguments:
jvm_args: -Xmx4g -Dfile.encoding=UTF-8 -Duser.country=US -Duser.language=en -Duser.variant 
java_command: com.android.dx.command.Main --dex --num-threads=4 --multi-dex --main-dex-list /home/lucas/git/melhoremcasa/SaudeEmCasa/app/build/intermediates/multi-dex/debug/maindexlist.txt --multi-dex --output /home/lucas/git/melhoremcasa/SaudeEmCasa/app/build/intermediates/dex/debug /home/lucas/git/melhoremcasa/SaudeEmCasa/app/build/intermediates/multi-dex/debug/allclasses.jar
Launcher Type: SUN_STANDARD

Environment Variables:
PATH=/usr/local/sbin:/usr/local/bin:/usr/sbin:/usr/bin:/sbin:/bin:/usr/games:/usr/local/games
USERNAME=lucas
LD_LIBRARY_PATH=.:
SHELL=/bin/bash
DISPLAY=:0

Signal Handlers:
SIGSEGV: [libjvm.so+0x983740], sa_mask[0]=0x7ffbfeff, sa_flags=0x10000004
SIGBUS: [libjvm.so+0x983740], sa_mask[0]=0x7ffbfeff, sa_flags=0x10000004
SIGFPE: [libjvm.so+0x7f0180], sa_mask[0]=0x7ffbfeff, sa_flags=0x10000004
SIGPIPE: [libjvm.so+0x7f0180], sa_mask[0]=0x7ffbfeff, sa_flags=0x10000004
SIGXFSZ: [libjvm.so+0x7f0180], sa_mask[0]=0x7ffbfeff, sa_flags=0x10000004
SIGILL: [libjvm.so+0x7f0180], sa_mask[0]=0x7ffbfeff, sa_flags=0x10000004
SIGUSR1: SIG_DFL, sa_mask[0]=0x00000000, sa_flags=0x00000000
SIGUSR2: [libjvm.so+0x7f0000], sa_mask[0]=0x00000004, sa_flags=0x10000004
SIGHUP: [libjvm.so+0x7f0200], sa_mask[0]=0x7ffbfeff, sa_flags=0x10000004
SIGINT: [libjvm.so+0x7f0200], sa_mask[0]=0x7ffbfeff, sa_flags=0x10000004
SIGTERM: [libjvm.so+0x7f0200], sa_mask[0]=0x7ffbfeff, sa_flags=0x10000004
SIGQUIT: [libjvm.so+0x7f0200], sa_mask[0]=0x7ffbfeff, sa_flags=0x10000004
SIGTRAP: SIG_DFL, sa_mask[0]=0x00000000, sa_flags=0x00000000


---------------  S Y S T E M  ---------------

OS:Ubuntu 14.10 (utopic)
uname:Linux 3.16.0-30-generic #40-Ubuntu SMP Mon Jan 12 22:06:37 UTC 2015 x86_64
libc:glibc 2.19 NPTL 2.19 
rlimit: STACK 8192k, CORE 0k, NPROC 31351, NOFILE 4096, AS infinity
load average:2.89 1.22 0.77

/proc/meminfo:
MemTotal:        8091880 kB
MemFree:          134944 kB
MemAvailable:     115496 kB
Buffers:            1136 kB
Cached:           865700 kB
SwapCached:          172 kB
Active:          5749300 kB
Inactive:        1397716 kB
Active(anon):    5718644 kB
Inactive(anon):  1348580 kB
Active(file):      30656 kB
Inactive(file):    49136 kB
Unevictable:         300 kB
Mlocked:             300 kB
SwapTotal:          2044 kB
SwapFree:              0 kB
Dirty:               636 kB
Writeback:             0 kB
AnonPages:       6281912 kB
Mapped:          1101648 kB
Shmem:            785440 kB
Slab:             100688 kB
SReclaimable:      50256 kB
SUnreclaim:        50432 kB
KernelStack:       13024 kB
PageTables:        53184 kB
NFS_Unstable:          0 kB
Bounce:                0 kB
WritebackTmp:          0 kB
CommitLimit:     4047984 kB
Committed_AS:   13015908 kB
VmallocTotal:   34359738367 kB
VmallocUsed:      361668 kB
VmallocChunk:   34359301888 kB
HardwareCorrupted:     0 kB
AnonHugePages:   2441216 kB
HugePages_Total:       0
HugePages_Free:        0
HugePages_Rsvd:        0
HugePages_Surp:        0
Hugepagesize:       2048 kB
DirectMap4k:       98252 kB
DirectMap2M:     7157760 kB
DirectMap1G:     1048576 kB


CPU:total 8 (4 cores per cpu, 2 threads per core) family 6 model 60 stepping 3, cmov, cx8, fxsr, mmx, sse, sse2, sse3, ssse3, sse4.1, sse4.2, popcnt, avx, avx2, aes, erms, ht, tsc, tscinvbit

/proc/cpuinfo:
processor	: 0
vendor_id	: GenuineIntel
cpu family	: 6
model		: 60
model name	: Intel(R) Core(TM) i7-4710HQ CPU @ 2.50GHz
stepping	: 3
microcode	: 0x17
cpu MHz		: 2526.464
cache size	: 6144 KB
physical id	: 0
siblings	: 8
core id		: 0
cpu cores	: 4
apicid		: 0
initial apicid	: 0
fpu		: yes
fpu_exception	: yes
cpuid level	: 13
wp		: yes
flags		: fpu vme de pse tsc msr pae mce cx8 apic sep mtrr pge mca cmov pat pse36 clflush dts acpi mmx fxsr sse sse2 ss ht tm pbe syscall nx pdpe1gb rdtscp lm constant_tsc arch_perfmon pebs bts rep_good nopl xtopology nonstop_tsc aperfmperf eagerfpu pni pclmulqdq dtes64 monitor ds_cpl vmx est tm2 ssse3 fma cx16 xtpr pdcm pcid sse4_1 sse4_2 x2apic movbe popcnt tsc_deadline_timer aes xsave avx f16c rdrand lahf_lm abm ida arat epb xsaveopt pln pts dtherm tpr_shadow vnmi flexpriority ept vpid fsgsbase tsc_adjust bmi1 avx2 smep bmi2 erms invpcid
bogomips	: 4987.95
clflush size	: 64
cache_alignment	: 64
address sizes	: 39 bits physical, 48 bits virtual
power management:

processor	: 1
vendor_id	: GenuineIntel
cpu family	: 6
model		: 60
model name	: Intel(R) Core(TM) i7-4710HQ CPU @ 2.50GHz
stepping	: 3
microcode	: 0x17
cpu MHz		: 2465.332
cache size	: 6144 KB
physical id	: 0
siblings	: 8
core id		: 1
cpu cores	: 4
apicid		: 2
initial apicid	: 2
fpu		: yes
fpu_exception	: yes
cpuid level	: 13
wp		: yes
flags		: fpu vme de pse tsc msr pae mce cx8 apic sep mtrr pge mca cmov pat pse36 clflush dts acpi mmx fxsr sse sse2 ss ht tm pbe syscall nx pdpe1gb rdtscp lm constant_tsc arch_perfmon pebs bts rep_good nopl xtopology nonstop_tsc aperfmperf eagerfpu pni pclmulqdq dtes64 monitor ds_cpl vmx est tm2 ssse3 fma cx16 xtpr pdcm pcid sse4_1 sse4_2 x2apic movbe popcnt tsc_deadline_timer aes xsave avx f16c rdrand lahf_lm abm ida arat epb xsaveopt pln pts dtherm tpr_shadow vnmi flexpriority ept vpid fsgsbase tsc_adjust bmi1 avx2 smep bmi2 erms invpcid
bogomips	: 4987.95
clflush size	: 64
cache_alignment	: 64
address sizes	: 39 bits physical, 48 bits virtual
power management:

processor	: 2
vendor_id	: GenuineIntel
cpu family	: 6
model		: 60
model name	: Intel(R) Core(TM) i7-4710HQ CPU @ 2.50GHz
stepping	: 3
microcode	: 0x17
cpu MHz		: 2471.679
cache size	: 6144 KB
physical id	: 0
siblings	: 8
core id		: 2
cpu cores	: 4
apicid		: 4
initial apicid	: 4
fpu		: yes
fpu_exception	: yes
cpuid level	: 13
wp		: yes
flags		: fpu vme de pse tsc msr pae mce cx8 apic sep mtrr pge mca cmov pat pse36 clflush dts acpi mmx fxsr sse sse2 ss ht tm pbe syscall nx pdpe1gb rdtscp lm constant_tsc arch_perfmon pebs bts rep_good nopl xtopology nonstop_tsc aperfmperf eagerfpu pni pclmulqdq dtes64 monitor ds_cpl vmx est tm2 ssse3 fma cx16 xtpr pdcm pcid sse4_1 sse4_2 x2apic movbe popcnt tsc_deadline_timer aes xsave avx f16c rdrand lahf_lm abm ida arat epb xsaveopt pln pts dtherm tpr_shadow vnmi flexpriority ept vpid fsgsbase tsc_adjust bmi1 avx2 smep bmi2 erms invpcid
bogomips	: 4987.95
clflush size	: 64
cache_alignment	: 64
address sizes	: 39 bits physical, 48 bits virtual
power management:

processor	: 3
vendor_id	: GenuineIntel
cpu family	: 6
model		: 60
model name	: Intel(R) Core(TM) i7-4710HQ CPU @ 2.50GHz
stepping	: 3
microcode	: 0x17
cpu MHz		: 2462.597
cache size	: 6144 KB
physical id	: 0
siblings	: 8
core id		: 3
cpu cores	: 4
apicid		: 6
initial apicid	: 6
fpu		: yes
fpu_exception	: yes
cpuid level	: 13
wp		: yes
flags		: fpu vme de pse tsc msr pae mce cx8 apic sep mtrr pge mca cmov pat pse36 clflush dts acpi mmx fxsr sse sse2 ss ht tm pbe syscall nx pdpe1gb rdtscp lm constant_tsc arch_perfmon pebs bts rep_good nopl xtopology nonstop_tsc aperfmperf eagerfpu pni pclmulqdq dtes64 monitor ds_cpl vmx est tm2 ssse3 fma cx16 xtpr pdcm pcid sse4_1 sse4_2 x2apic movbe popcnt tsc_deadline_timer aes xsave avx f16c rdrand lahf_lm abm ida arat epb xsaveopt pln pts dtherm tpr_shadow vnmi flexpriority ept vpid fsgsbase tsc_adjust bmi1 avx2 smep bmi2 erms invpcid
bogomips	: 4987.95
clflush size	: 64
cache_alignment	: 64
address sizes	: 39 bits physical, 48 bits virtual
power management:

processor	: 4
vendor_id	: GenuineIntel
cpu family	: 6
model		: 60
model name	: Intel(R) Core(TM) i7-4710HQ CPU @ 2.50GHz
stepping	: 3
microcode	: 0x17
cpu MHz		: 2491.699
cache size	: 6144 KB
physical id	: 0
siblings	: 8
core id		: 0
cpu cores	: 4
apicid		: 1
initial apicid	: 1
fpu		: yes
fpu_exception	: yes
cpuid level	: 13
wp		: yes
flags		: fpu vme de pse tsc msr pae mce cx8 apic sep mtrr pge mca cmov pat pse36 clflush dts acpi mmx fxsr sse sse2 ss ht tm pbe syscall nx pdpe1gb rdtscp lm constant_tsc arch_perfmon pebs bts rep_good nopl xtopology nonstop_tsc aperfmperf eagerfpu pni pclmulqdq dtes64 monitor ds_cpl vmx est tm2 ssse3 fma cx16 xtpr pdcm pcid sse4_1 sse4_2 x2apic movbe popcnt tsc_deadline_timer aes xsave avx f16c rdrand lahf_lm abm ida arat epb xsaveopt pln pts dtherm tpr_shadow vnmi flexpriority ept vpid fsgsbase tsc_adjust bmi1 avx2 smep bmi2 erms invpcid
bogomips	: 4987.95
clflush size	: 64
cache_alignment	: 64
address sizes	: 39 bits physical, 48 bits virtual
power management:

processor	: 5
vendor_id	: GenuineIntel
cpu family	: 6
model		: 60
model name	: Intel(R) Core(TM) i7-4710HQ CPU @ 2.50GHz
stepping	: 3
microcode	: 0x17
cpu MHz		: 2472.656
cache size	: 6144 KB
physical id	: 0
siblings	: 8
core id		: 1
cpu cores	: 4
apicid		: 3
initial apicid	: 3
fpu		: yes
fpu_exception	: yes
cpuid level	: 13
wp		: yes
flags		: fpu vme de pse tsc msr pae mce cx8 apic sep mtrr pge mca cmov pat pse36 clflush dts acpi mmx fxsr sse sse2 ss ht tm pbe syscall nx pdpe1gb rdtscp lm constant_tsc arch_perfmon pebs bts rep_good nopl xtopology nonstop_tsc aperfmperf eagerfpu pni pclmulqdq dtes64 monitor ds_cpl vmx est tm2 ssse3 fma cx16 xtpr pdcm pcid sse4_1 sse4_2 x2apic movbe popcnt tsc_deadline_timer aes xsave avx f16c rdrand lahf_lm abm ida arat epb xsaveopt pln pts dtherm tpr_shadow vnmi flexpriority ept vpid fsgsbase tsc_adjust bmi1 avx2 smep bmi2 erms invpcid
bogomips	: 4987.95
clflush size	: 64
cache_alignment	: 64
address sizes	: 39 bits physical, 48 bits virtual
power management:

processor	: 6
vendor_id	: GenuineIntel
cpu family	: 6
model		: 60
model name	: Intel(R) Core(TM) i7-4710HQ CPU @ 2.50GHz
stepping	: 3
microcode	: 0x17
cpu MHz		: 2500.000
cache size	: 6144 KB
physical id	: 0
siblings	: 8
core id		: 2
cpu cores	: 4
apicid		: 5
initial apicid	: 5
fpu		: yes
fpu_exception	: yes
cpuid level	: 13
wp		: yes
flags		: fpu vme de pse tsc msr pae mce cx8 apic sep mtrr pge mca cmov pat pse36 clflush dts acpi mmx fxsr sse sse2 ss ht tm pbe syscall nx pdpe1gb rdtscp lm constant_tsc arch_perfmon pebs bts rep_good nopl xtopology nonstop_tsc aperfmperf eagerfpu pni pclmulqdq dtes64 monitor ds_cpl vmx est tm2 ssse3 fma cx16 xtpr pdcm pcid sse4_1 sse4_2 x2apic movbe popcnt tsc_deadline_timer aes xsave avx f16c rdrand lahf_lm abm ida arat epb xsaveopt pln pts dtherm tpr_shadow vnmi flexpriority ept vpid fsgsbase tsc_adjust bmi1 avx2 smep bmi2 erms invpcid
bogomips	: 4987.95
clflush size	: 64
cache_alignment	: 64
address sizes	: 39 bits physical, 48 bits virtual
power management:

processor	: 7
vendor_id	: GenuineIntel
cpu family	: 6
model		: 60
model name	: Intel(R) Core(TM) i7-4710HQ CPU @ 2.50GHz
stepping	: 3
microcode	: 0x17
cpu MHz		: 2589.648
cache size	: 6144 KB
physical id	: 0
siblings	: 8
core id		: 3
cpu cores	: 4
apicid		: 7
initial apicid	: 7
fpu		: yes
fpu_exception	: yes
cpuid level	: 13
wp		: yes
flags		: fpu vme de pse tsc msr pae mce cx8 apic sep mtrr pge mca cmov pat pse36 clflush dts acpi mmx fxsr sse sse2 ss ht tm pbe syscall nx pdpe1gb rdtscp lm constant_tsc arch_perfmon pebs bts rep_good nopl xtopology nonstop_tsc aperfmperf eagerfpu pni pclmulqdq dtes64 monitor ds_cpl vmx est tm2 ssse3 fma cx16 xtpr pdcm pcid sse4_1 sse4_2 x2apic movbe popcnt tsc_deadline_timer aes xsave avx f16c rdrand lahf_lm abm ida arat epb xsaveopt pln pts dtherm tpr_shadow vnmi flexpriority ept vpid fsgsbase tsc_adjust bmi1 avx2 smep bmi2 erms invpcid
bogomips	: 4987.95
clflush size	: 64
cache_alignment	: 64
address sizes	: 39 bits physical, 48 bits virtual
power management:



Memory: 4k page, physical 8091880k(134944k free), swap 2044k(0k free)

vm_info: OpenJDK 64-Bit Server VM (24.79-b02) for linux-amd64 JRE (1.7.0_79-b14), built on Apr 16 2015 08:25:58 by "buildd" with gcc 4.9.1

time: Mon Nov 30 18:35:25 2015
elapsed time: 16 seconds

