#
# There is insufficient memory for the Java Runtime Environment to continue.
# Native memory allocation (malloc) failed to allocate 111149056 bytes for committing reserved memory.
# Possible reasons:
#   The system is out of physical RAM or swap space
#   In 32 bit mode, the process size limit was hit
# Possible solutions:
#   Reduce memory load on the system
#   Increase physical memory or swap space
#   Check if swap backing store is full
#   Use 64 bit Java on a 64 bit OS
#   Decrease Java heap size (-Xmx/-Xms)
#   Decrease number of Java threads
#   Decrease Java thread stack sizes (-Xss)
#   Set larger code cache with -XX:ReservedCodeCacheSize=
# This output file may be truncated or incomplete.
#
#  Out of Memory Error (os_linux.cpp:2809), pid=22130, tid=139633581303552
#
# JRE version: OpenJDK Runtime Environment (7.0_79-b14) (build 1.7.0_79-b14)
# Java VM: OpenJDK 64-Bit Server VM (24.79-b02 mixed mode linux-amd64 compressed oops)
# Derivative: IcedTea 2.5.5
# Distribution: Ubuntu 14.10, package 7u79-2.5.5-0ubuntu0.14.10.2
# Failed to write core dump. Core dumps have been disabled. To enable core dumping, try "ulimit -c unlimited" before starting Java again
#

---------------  T H R E A D  ---------------

Current thread (0x00007eff1007f000):  VMThread [stack: 0x00007efef9f32000,0x00007efefa033000] [id=22144]

Stack: [0x00007efef9f32000,0x00007efefa033000],  sp=0x00007efefa0314a0,  free space=1021k
Native frames: (J=compiled Java code, j=interpreted, Vv=VM code, C=native code)
V  [libjvm.so+0x982c56]  VMError::report_and_die()+0x186
V  [libjvm.so+0x48fb12]  report_vm_out_of_memory(char const*, int, unsigned long, char const*)+0x92
V  [libjvm.so+0x7f4c2b]  os::pd_commit_memory(char*, unsigned long, unsigned long, bool)+0xeb
V  [libjvm.so+0x7ef31e]  os::commit_memory(char*, unsigned long, unsigned long, bool)+0x2e
V  [libjvm.so+0x86215b]  PSVirtualSpace::expand_by(unsigned long)+0x5b
V  [libjvm.so+0x863013]  PSYoungGen::resize_generation(unsigned long, unsigned long)+0xd3
V  [libjvm.so+0x86372b]  PSYoungGen::resize(unsigned long, unsigned long)+0x1b
V  [libjvm.so+0x85f129]  PSScavenge::invoke_no_policy()+0xdc9
V  [libjvm.so+0x85f908]  PSScavenge::invoke()+0x38
V  [libjvm.so+0x817263]  ParallelScavengeHeap::failed_mem_allocate(unsigned long)+0x63
V  [libjvm.so+0x984522]  VM_ParallelGCFailedAllocation::doit()+0x92
V  [libjvm.so+0x988db7]  VM_Operation::evaluate()+0x47
V  [libjvm.so+0x98739b]  VMThread::evaluate_operation(VM_Operation*)+0xab
V  [libjvm.so+0x987a46]  VMThread::loop()+0x1e6
V  [libjvm.so+0x987f11]  VMThread::run()+0x81
V  [libjvm.so+0x7f1912]  java_start(Thread*)+0xf2

VM_Operation (0x00007efee30181c0): ParallelGCFailedAllocation, mode: safepoint, requested by thread 0x00007eff101b0000


---------------  P R O C E S S  ---------------

Java Threads: ( => current thread )
  0x00007eff101c3800 JavaThread "pool-2-thread-4" [_thread_blocked, id=22156, stack(0x00007efee2d17000,0x00007efee2e18000)]
  0x00007eff101c0000 JavaThread "pool-2-thread-3" [_thread_blocked, id=22155, stack(0x00007efee2e18000,0x00007efee2f19000)]
  0x00007eff101b0000 JavaThread "pool-2-thread-2" [_thread_blocked, id=22154, stack(0x00007efee2f19000,0x00007efee301a000)]
  0x00007eff101af000 JavaThread "pool-3-thread-1" [_thread_blocked, id=22153, stack(0x00007efee301a000,0x00007efee311b000)]
  0x00007eff101ad000 JavaThread "pool-2-thread-1" [_thread_blocked, id=22152, stack(0x00007efee311b000,0x00007efee321c000)]
  0x00007eff100b8000 JavaThread "Service Thread" daemon [_thread_blocked, id=22150, stack(0x00007efef9248000,0x00007efef9349000)]
  0x00007eff100b6000 JavaThread "C2 CompilerThread1" daemon [_thread_blocked, id=22149, stack(0x00007efef9349000,0x00007efef944a000)]
  0x00007eff100b3000 JavaThread "C2 CompilerThread0" daemon [_thread_blocked, id=22148, stack(0x00007efef944a000,0x00007efef954b000)]
  0x00007eff100b0800 JavaThread "Signal Dispatcher" daemon [_thread_blocked, id=22147, stack(0x00007efef954b000,0x00007efef964c000)]
  0x00007eff10085800 JavaThread "Finalizer" daemon [_thread_blocked, id=22146, stack(0x00007efef9d30000,0x00007efef9e31000)]
  0x00007eff10083800 JavaThread "Reference Handler" daemon [_thread_blocked, id=22145, stack(0x00007efef9e31000,0x00007efef9f32000)]
  0x00007eff1000a000 JavaThread "main" [_thread_blocked, id=22135, stack(0x00007eff18241000,0x00007eff18342000)]

Other Threads:
=>0x00007eff1007f000 VMThread [stack: 0x00007efef9f32000,0x00007efefa033000] [id=22144]
  0x00007eff100c3000 WatcherThread [stack: 0x00007efef9147000,0x00007efef9248000] [id=22151]

VM state:at safepoint (normal execution)

VM Mutex/Monitor currently owned by a thread:  ([mutex/lock_event])
[0x00007eff10006970] Threads_lock - owner thread: 0x00007eff1007f000
[0x00007eff10006e70] Heap_lock - owner thread: 0x00007eff101b0000

Heap
 PSYoungGen      total 656896K, used 163814K [0x00000007aaa80000, 0x00000007e4600000, 0x0000000800000000)
  eden space 493056K, 0% used [0x00000007aaa80000,0x00000007aaa80000,0x00000007c8c00000)
  from space 163840K, 99% used [0x00000007c8c00000,0x00000007d2bf9928,0x00000007d2c00000)
  to   space 96256K, 0% used [0x00000007d2c00000,0x00000007d2c00000,0x00000007d8a00000)
 ParOldGen       total 487424K, used 376808K [0x0000000700000000, 0x000000071dc00000, 0x00000007aaa80000)
  object space 487424K, 77% used [0x0000000700000000,0x0000000716ffa3f0,0x000000071dc00000)
 PSPermGen       total 21504K, used 6392K [0x00000006f5a00000, 0x00000006f6f00000, 0x0000000700000000)
  object space 21504K, 29% used [0x00000006f5a00000,0x00000006f603e0a8,0x00000006f6f00000)

Card table byte_map: [0x00007eff145ea000,0x00007eff14e3e000] byte_map_base: 0x00007eff10e3d000

Polling page: 0x00007eff18363000

Code Cache  [0x00007eff0d000000, 0x00007eff0d450000, 0x00007eff10000000)
 total_blobs=1437 nmethods=1206 adapters=184 free_code_cache=44808Kb largest_free_block=45834304

Compilation events (10 events):
Event: 10.597 Thread 0x00007eff100b3000 nmethod 1213 0x00007eff0d436e50 code [0x00007eff0d436f80, 0x00007eff0d436fd8]
Event: 10.597 Thread 0x00007eff100b3000 1214 %           com.android.dx.ssa.DomFront::<init> @ 35 (60 bytes)
Event: 10.602 Thread 0x00007eff100b3000 nmethod 1214% 0x00007eff0d444a90 code [0x00007eff0d444c00, 0x00007eff0d444e98]
Event: 10.602 Thread 0x00007eff100b3000 1215             com.android.dx.util.ListIntSet::iterator (9 bytes)
Event: 10.604 Thread 0x00007eff100b3000 nmethod 1215 0x00007eff0d43ea10 code [0x00007eff0d43eb60, 0x00007eff0d43ec38]
Event: 10.604 Thread 0x00007eff100b3000 1216             com.android.dx.util.ListIntSet$1::<init> (15 bytes)
Event: 10.605 Thread 0x00007eff100b3000 nmethod 1216 0x00007eff0d445050 code [0x00007eff0d445180, 0x00007eff0d4451f8]
Event: 10.605 Thread 0x00007eff100b3000 1217             com.android.dx.util.ListIntSet$1::hasNext (23 bytes)
Event: 10.607 Thread 0x00007eff100b3000 nmethod 1217 0x00007eff0d444810 code [0x00007eff0d444960, 0x00007eff0d4449f8]
Event: 10.608 Thread 0x00007eff100b3000 1218 %           com.android.dx.ssa.back.InterferenceGraph::<init> @ 18 (42 bytes)

GC Heap History (10 events):
Event: 6.456 GC heap after
Heap after GC invocations=9 (full 1):
 PSYoungGen      total 454144K, used 51191K [0x00000007aaa80000, 0x00000007cfe80000, 0x0000000800000000)
  eden space 402944K, 0% used [0x00000007aaa80000,0x00000007aaa80000,0x00000007c3400000)
  from space 51200K, 99% used [0x00000007ccc80000,0x00000007cfe7dc98,0x00000007cfe80000)
  to   space 62464K, 0% used [0x00000007c8480000,0x00000007c8480000,0x00000007cc180000)
 ParOldGen       total 159744K, used 88633K [0x0000000700000000, 0x0000000709c00000, 0x00000007aaa80000)
  object space 159744K, 55% used [0x0000000700000000,0x000000070568e410,0x0000000709c00000)
 PSPermGen       total 21504K, used 6333K [0x00000006f5a00000, 0x00000006f6f00000, 0x0000000700000000)
  object space 21504K, 29% used [0x00000006f5a00000,0x00000006f602f460,0x00000006f6f00000)
}
Event: 7.284 GC heap before
{Heap before GC invocations=10 (full 1):
 PSYoungGen      total 454144K, used 454135K [0x00000007aaa80000, 0x00000007cfe80000, 0x0000000800000000)
  eden space 402944K, 100% used [0x00000007aaa80000,0x00000007c3400000,0x00000007c3400000)
  from space 51200K, 99% used [0x00000007ccc80000,0x00000007cfe7dc98,0x00000007cfe80000)
  to   space 62464K, 0% used [0x00000007c8480000,0x00000007c8480000,0x00000007cc180000)
 ParOldGen       total 159744K, used 88633K [0x0000000700000000, 0x0000000709c00000, 0x00000007aaa80000)
  object space 159744K, 55% used [0x0000000700000000,0x000000070568e410,0x0000000709c00000)
 PSPermGen       total 21504K, used 6369K [0x00000006f5a00000, 0x00000006f6f00000, 0x0000000700000000)
  object space 21504K, 29% used [0x00000006f5a00000,0x00000006f60387c0,0x00000006f6f00000)
Event: 7.460 GC heap after
Heap after GC invocations=10 (full 1):
 PSYoungGen      total 547840K, used 62448K [0x00000007aaa80000, 0x00000007d8a00000, 0x0000000800000000)
  eden space 485376K, 0% used [0x00000007aaa80000,0x00000007aaa80000,0x00000007c8480000)
  from space 62464K, 99% used [0x00000007c8480000,0x00000007cc17c3d0,0x00000007cc180000)
  to   space 96256K, 0% used [0x00000007d2c00000,0x00000007d2c00000,0x00000007d8a00000)
 ParOldGen       total 159744K, used 146407K [0x0000000700000000, 0x0000000709c00000, 0x00000007aaa80000)
  object space 159744K, 91% used [0x0000000700000000,0x0000000708ef9ea8,0x0000000709c00000)
 PSPermGen       total 21504K, used 6369K [0x00000006f5a00000, 0x00000006f6f00000, 0x0000000700000000)
  object space 21504K, 29% used [0x00000006f5a00000,0x00000006f60387c0,0x00000006f6f00000)
}
Event: 7.460 GC heap before
{Heap before GC invocations=11 (full 2):
 PSYoungGen      total 547840K, used 62448K [0x00000007aaa80000, 0x00000007d8a00000, 0x0000000800000000)
  eden space 485376K, 0% used [0x00000007aaa80000,0x00000007aaa80000,0x00000007c8480000)
  from space 62464K, 99% used [0x00000007c8480000,0x00000007cc17c3d0,0x00000007cc180000)
  to   space 96256K, 0% used [0x00000007d2c00000,0x00000007d2c00000,0x00000007d8a00000)
 ParOldGen       total 159744K, used 146407K [0x0000000700000000, 0x0000000709c00000, 0x00000007aaa80000)
  object space 159744K, 91% used [0x0000000700000000,0x0000000708ef9ea8,0x0000000709c00000)
 PSPermGen       total 21504K, used 6369K [0x00000006f5a00000, 0x00000006f6f00000, 0x0000000700000000)
  object space 21504K, 29% used [0x00000006f5a00000,0x00000006f60387c0,0x00000006f6f00000)
Event: 7.962 GC heap after
Heap after GC invocations=11 (full 2):
 PSYoungGen      total 547840K, used 42905K [0x00000007aaa80000, 0x00000007d8a00000, 0x0000000800000000)
  eden space 485376K, 0% used [0x00000007aaa80000,0x00000007aaa80000,0x00000007c8480000)
  from space 62464K, 68% used [0x00000007c8480000,0x00000007cae66558,0x00000007cc180000)
  to   space 96256K, 0% used [0x00000007d2c00000,0x00000007d2c00000,0x00000007d8a00000)
 ParOldGen       total 278528K, used 159459K [0x0000000700000000, 0x0000000711000000, 0x00000007aaa80000)
  object space 278528K, 57% used [0x0000000700000000,0x0000000709bb8e38,0x0000000711000000)
 PSPermGen       total 21504K, used 6369K [0x00000006f5a00000, 0x00000006f6f00000, 0x0000000700000000)
  object space 21504K, 29% used [0x00000006f5a00000,0x00000006f6038440,0x00000006f6f00000)
}
Event: 8.766 GC heap before
{Heap before GC invocations=12 (full 2):
 PSYoungGen      total 547840K, used 528281K [0x00000007aaa80000, 0x00000007d8a00000, 0x0000000800000000)
  eden space 485376K, 100% used [0x00000007aaa80000,0x00000007c8480000,0x00000007c8480000)
  from space 62464K, 68% used [0x00000007c8480000,0x00000007cae66558,0x00000007cc180000)
  to   space 96256K, 0% used [0x00000007d2c00000,0x00000007d2c00000,0x00000007d8a00000)
 ParOldGen       total 278528K, used 159459K [0x0000000700000000, 0x0000000711000000, 0x00000007aaa80000)
  object space 278528K, 57% used [0x0000000700000000,0x0000000709bb8e38,0x0000000711000000)
 PSPermGen       total 21504K, used 6390K [0x00000006f5a00000, 0x00000006f6f00000, 0x0000000700000000)
  object space 21504K, 29% used [0x00000006f5a00000,0x00000006f603da30,0x00000006f6f00000)
Event: 8.985 GC heap after
Heap after GC invocations=12 (full 2):
 PSYoungGen      total 589312K, used 96249K [0x00000007aaa80000, 0x00000007e4600000, 0x0000000800000000)
  eden space 493056K, 0% used [0x00000007aaa80000,0x00000007aaa80000,0x00000007c8c00000)
  from space 96256K, 99% used [0x00000007d2c00000,0x00000007d89fe640,0x00000007d8a00000)
  to   space 163840K, 0% used [0x00000007c8c00000,0x00000007c8c00000,0x00000007d2c00000)
 ParOldGen       total 299008K, used 298646K [0x0000000700000000, 0x0000000712400000, 0x00000007aaa80000)
  object space 299008K, 99% used [0x0000000700000000,0x00000007123a5ae0,0x0000000712400000)
 PSPermGen       total 21504K, used 6390K [0x00000006f5a00000, 0x00000006f6f00000, 0x0000000700000000)
  object space 21504K, 29% used [0x00000006f5a00000,0x00000006f603da30,0x00000006f6f00000)
}
Event: 8.985 GC heap before
{Heap before GC invocations=13 (full 3):
 PSYoungGen      total 589312K, used 96249K [0x00000007aaa80000, 0x00000007e4600000, 0x0000000800000000)
  eden space 493056K, 0% used [0x00000007aaa80000,0x00000007aaa80000,0x00000007c8c00000)
  from space 96256K, 99% used [0x00000007d2c00000,0x00000007d89fe640,0x00000007d8a00000)
  to   space 163840K, 0% used [0x00000007c8c00000,0x00000007c8c00000,0x00000007d2c00000)
 ParOldGen       total 299008K, used 298646K [0x0000000700000000, 0x0000000712400000, 0x00000007aaa80000)
  object space 299008K, 99% used [0x0000000700000000,0x00000007123a5ae0,0x0000000712400000)
 PSPermGen       total 21504K, used 6390K [0x00000006f5a00000, 0x00000006f6f00000, 0x0000000700000000)
  object space 21504K, 29% used [0x00000006f5a00000,0x00000006f603da30,0x00000006f6f00000)
Event: 9.350 GC heap after
Heap after GC invocations=13 (full 3):
 PSYoungGen      total 589312K, used 86907K [0x00000007aaa80000, 0x00000007e4600000, 0x0000000800000000)
  eden space 493056K, 0% used [0x00000007aaa80000,0x00000007aaa80000,0x00000007c8c00000)
  from space 96256K, 90% used [0x00000007d2c00000,0x00000007d80def78,0x00000007d8a00000)
  to   space 163840K, 0% used [0x00000007c8c00000,0x00000007c8c00000,0x00000007d2c00000)
 ParOldGen       total 487424K, used 298898K [0x0000000700000000, 0x000000071dc00000, 0x00000007aaa80000)
  object space 487424K, 61% used [0x0000000700000000,0x00000007123e4830,0x000000071dc00000)
 PSPermGen       total 21504K, used 6390K [0x00000006f5a00000, 0x00000006f6f00000, 0x0000000700000000)
  object space 21504K, 29% used [0x00000006f5a00000,0x00000006f603da30,0x00000006f6f00000)
}
Event: 10.617 GC heap before
{Heap before GC invocations=14 (full 3):
 PSYoungGen      total 589312K, used 579963K [0x00000007aaa80000, 0x00000007e4600000, 0x0000000800000000)
  eden space 493056K, 100% used [0x00000007aaa80000,0x00000007c8c00000,0x00000007c8c00000)
  from space 96256K, 90% used [0x00000007d2c00000,0x00000007d80def78,0x00000007d8a00000)
  to   space 163840K, 0% used [0x00000007c8c00000,0x00000007c8c00000,0x00000007d2c00000)
 ParOldGen       total 487424K, used 298898K [0x0000000700000000, 0x000000071dc00000, 0x00000007aaa80000)
  object space 487424K, 61% used [0x0000000700000000,0x00000007123e4830,0x000000071dc00000)
 PSPermGen       total 21504K, used 6392K [0x00000006f5a00000, 0x00000006f6f00000, 0x0000000700000000)
  object space 21504K, 29% used [0x00000006f5a00000,0x00000006f603e0a8,0x00000006f6f00000)

Deoptimization events (10 events):
Event: 9.445 Thread 0x00007eff101ad000 Uncommon trap: reason=class_check action=maybe_recompile pc=0x00007eff0d288184 method=com.android.dx.util.BitIntSet.merge(Lcom/android/dx/util/IntSet;)V @ 1
Event: 9.445 Thread 0x00007eff101ad000 Uncommon trap: reason=class_check action=maybe_recompile pc=0x00007eff0d13eafc method=com.android.dx.ssa.back.InterferenceGraph.mergeInterferenceSet(ILcom/android/dx/util/IntSet;)V @ 20
Event: 9.445 Thread 0x00007eff101ad000 Uncommon trap: reason=class_check action=maybe_recompile pc=0x00007eff0d288184 method=com.android.dx.util.BitIntSet.merge(Lcom/android/dx/util/IntSet;)V @ 1
Event: 9.445 Thread 0x00007eff101ad000 Uncommon trap: reason=class_check action=maybe_recompile pc=0x00007eff0d13eafc method=com.android.dx.ssa.back.InterferenceGraph.mergeInterferenceSet(ILcom/android/dx/util/IntSet;)V @ 20
Event: 9.445 Thread 0x00007eff101ad000 Uncommon trap: reason=class_check action=maybe_recompile pc=0x00007eff0d288184 method=com.android.dx.util.BitIntSet.merge(Lcom/android/dx/util/IntSet;)V @ 1
Event: 9.452 Thread 0x00007eff101ad000 Uncommon trap: reason=class_check action=maybe_recompile pc=0x00007eff0d1de1c4 method=com.android.dx.ssa.back.InterferenceGraph.mergeInterferenceSet(ILcom/android/dx/util/IntSet;)V @ 20
Event: 9.452 Thread 0x00007eff101ad000 Uncommon trap: reason=class_check action=maybe_recompile pc=0x00007eff0d288184 method=com.android.dx.util.BitIntSet.merge(Lcom/android/dx/util/IntSet;)V @ 1
Event: 9.452 Thread 0x00007eff101ad000 Uncommon trap: reason=class_check action=maybe_recompile pc=0x00007eff0d13eafc method=com.android.dx.ssa.back.InterferenceGraph.mergeInterferenceSet(ILcom/android/dx/util/IntSet;)V @ 20
Event: 9.452 Thread 0x00007eff101ad000 Uncommon trap: reason=class_check action=maybe_recompile pc=0x00007eff0d283d00 method=com.android.dx.ssa.back.InterferenceGraph.mergeInterferenceSet(ILcom/android/dx/util/IntSet;)V @ 20
Event: 9.508 Thread 0x00007eff1000a000 Uncommon trap: reason=class_check action=maybe_recompile pc=0x00007eff0d20ab60 method=com.android.dx.ssa.back.InterferenceGraph.mergeInterferenceSet(ILcom/android/dx/util/IntSet;)V @ 20

Internal exceptions (10 events):
Event: 3.997 Thread 0x00007eff101c3800 Threw 0x00000007afc3bb00 at /build/buildd/openjdk-7-7u79-2.5.5/build/openjdk/hotspot/src/share/vm/prims/jvm.cpp:1284
Event: 3.997 Thread 0x00007eff101c3800 Threw 0x00000007afc418e0 at /build/buildd/openjdk-7-7u79-2.5.5/build/openjdk/hotspot/src/share/vm/prims/jvm.cpp:1284
Event: 4.006 Thread 0x00007eff1000a000 Threw 0x00000007afe928e8 at /build/buildd/openjdk-7-7u79-2.5.5/build/openjdk/hotspot/src/share/vm/prims/jvm.cpp:1284
Event: 4.082 Thread 0x00007eff1000a000 Threw 0x00000007b1224e28 at /build/buildd/openjdk-7-7u79-2.5.5/build/openjdk/hotspot/src/share/vm/prims/jvm.cpp:1284
Event: 4.249 Thread 0x00007eff101c3800 Implicit null exception at 0x00007eff0d0980d9 to 0x00007eff0d099c09
Event: 4.804 Thread 0x00007eff101ad000 Implicit null exception at 0x00007eff0d23726b to 0x00007eff0d239af1
Event: 6.692 Thread 0x00007eff1000a000 Threw 0x00000007b1670a98 at /build/buildd/openjdk-7-7u79-2.5.5/build/openjdk/hotspot/src/share/vm/prims/jvm.cpp:1284
Event: 6.742 Thread 0x00007eff101c3800 Threw 0x00000007b2a7bc00 at /build/buildd/openjdk-7-7u79-2.5.5/build/openjdk/hotspot/src/share/vm/prims/jvm.cpp:1284
Event: 8.486 Thread 0x00007eff101ad000 Threw 0x00000007bbce0bf8 at /build/buildd/openjdk-7-7u79-2.5.5/build/openjdk/hotspot/src/share/vm/prims/jvm.cpp:1284
Event: 8.513 Thread 0x00007eff101ad000 Threw 0x00000007bbe16470 at /build/buildd/openjdk-7-7u79-2.5.5/build/openjdk/hotspot/src/share/vm/prims/jvm.cpp:1284

Events (10 events):
Event: 9.452 Thread 0x00007eff101ad000 Uncommon trap: trap_request=0xffffffde fr.pc=0x00007eff0d13eafc
Event: 9.452 Thread 0x00007eff101ad000 DEOPT PACKING pc=0x00007eff0d13eafc sp=0x00007efee321a090
Event: 9.452 Thread 0x00007eff101ad000 DEOPT UNPACKING pc=0x00007eff0d039445 sp=0x00007efee321a000 mode 2
Event: 9.452 Thread 0x00007eff101ad000 Uncommon trap: trap_request=0xffffffde fr.pc=0x00007eff0d283d00
Event: 9.452 Thread 0x00007eff101ad000 DEOPT PACKING pc=0x00007eff0d283d00 sp=0x00007efee321a010
Event: 9.452 Thread 0x00007eff101ad000 DEOPT UNPACKING pc=0x00007eff0d039445 sp=0x00007efee3219ff0 mode 2
Event: 9.508 Thread 0x00007eff1000a000 Uncommon trap: trap_request=0xffffffde fr.pc=0x00007eff0d20ab60
Event: 9.508 Thread 0x00007eff1000a000 DEOPT PACKING pc=0x00007eff0d20ab60 sp=0x00007eff1833f950
Event: 9.508 Thread 0x00007eff1000a000 DEOPT UNPACKING pc=0x00007eff0d039445 sp=0x00007eff1833f798 mode 2
Event: 10.612 Executing VM operation: ParallelGCFailedAllocation


Dynamic libraries:
00400000-00401000 r-xp 00000000 08:0a 5114892                            /usr/lib/jvm/java-7-openjdk-amd64/jre/bin/java
00600000-00601000 r--p 00000000 08:0a 5114892                            /usr/lib/jvm/java-7-openjdk-amd64/jre/bin/java
00601000-00602000 rw-p 00001000 08:0a 5114892                            /usr/lib/jvm/java-7-openjdk-amd64/jre/bin/java
0231b000-0233c000 rw-p 00000000 00:00 0                                  [heap]
6f5a00000-6f6f00000 rw-p 00000000 00:00 0 
6f6f00000-700000000 rw-p 00000000 00:00 0 
700000000-71dc00000 rw-p 00000000 00:00 0 
71dc00000-7aaa80000 rw-p 00000000 00:00 0 
7aaa80000-7e4600000 rw-p 00000000 00:00 0 
7eb000000-800000000 rw-p 00000000 00:00 0 
7efea4000000-7efea4021000 rw-p 00000000 00:00 0 
7efea4021000-7efea8000000 ---p 00000000 00:00 0 
7efeac000000-7efeac025000 rw-p 00000000 00:00 0 
7efeac025000-7efeb0000000 ---p 00000000 00:00 0 
7efeb0000000-7efeb0025000 rw-p 00000000 00:00 0 
7efeb0025000-7efeb4000000 ---p 00000000 00:00 0 
7efeb4000000-7efeb402d000 rw-p 00000000 00:00 0 
7efeb402d000-7efeb8000000 ---p 00000000 00:00 0 
7efeb8000000-7efeb8021000 rw-p 00000000 00:00 0 
7efeb8021000-7efebc000000 ---p 00000000 00:00 0 
7efebc000000-7efebc021000 rw-p 00000000 00:00 0 
7efebc021000-7efec0000000 ---p 00000000 00:00 0 
7efec0000000-7efec0021000 rw-p 00000000 00:00 0 
7efec0021000-7efec4000000 ---p 00000000 00:00 0 
7efec4000000-7efec5804000 rw-p 00000000 00:00 0 
7efec5804000-7efec8000000 ---p 00000000 00:00 0 
7efec8000000-7efec9c7d000 rw-p 00000000 00:00 0 
7efec9c7d000-7efecc000000 ---p 00000000 00:00 0 
7efecc000000-7efecc021000 rw-p 00000000 00:00 0 
7efecc021000-7efed0000000 ---p 00000000 00:00 0 
7efed0000000-7efed0021000 rw-p 00000000 00:00 0 
7efed0021000-7efed4000000 ---p 00000000 00:00 0 
7efed4000000-7efed423f000 rw-p 00000000 00:00 0 
7efed423f000-7efed8000000 ---p 00000000 00:00 0 
7efed8000000-7efed8021000 rw-p 00000000 00:00 0 
7efed8021000-7efedc000000 ---p 00000000 00:00 0 
7efedc000000-7efedc021000 rw-p 00000000 00:00 0 
7efedc021000-7efee0000000 ---p 00000000 00:00 0 
7efee2d17000-7efee2d1a000 ---p 00000000 00:00 0 
7efee2d1a000-7efee2e18000 rw-p 00000000 00:00 0                          [stack:22156]
7efee2e18000-7efee2e1b000 ---p 00000000 00:00 0 
7efee2e1b000-7efee2f19000 rw-p 00000000 00:00 0                          [stack:22155]
7efee2f19000-7efee2f1c000 ---p 00000000 00:00 0 
7efee2f1c000-7efee301a000 rw-p 00000000 00:00 0                          [stack:22154]
7efee301a000-7efee301d000 ---p 00000000 00:00 0 
7efee301d000-7efee311b000 rw-p 00000000 00:00 0                          [stack:22153]
7efee311b000-7efee311e000 ---p 00000000 00:00 0 
7efee311e000-7efee321c000 rw-p 00000000 00:00 0                          [stack:22152]
7efee321c000-7efee3288000 r-xp 00000000 08:0a 4984987                    /lib/x86_64-linux-gnu/libpcre.so.3.13.1
7efee3288000-7efee3487000 ---p 0006c000 08:0a 4984987                    /lib/x86_64-linux-gnu/libpcre.so.3.13.1
7efee3487000-7efee3488000 r--p 0006b000 08:0a 4984987                    /lib/x86_64-linux-gnu/libpcre.so.3.13.1
7efee3488000-7efee3489000 rw-p 0006c000 08:0a 4984987                    /lib/x86_64-linux-gnu/libpcre.so.3.13.1
7efee3489000-7efee3490000 r-xp 00000000 08:0a 2367666                    /usr/lib/x86_64-linux-gnu/libffi.so.6.0.2
7efee3490000-7efee368f000 ---p 00007000 08:0a 2367666                    /usr/lib/x86_64-linux-gnu/libffi.so.6.0.2
7efee368f000-7efee3690000 r--p 00006000 08:0a 2367666                    /usr/lib/x86_64-linux-gnu/libffi.so.6.0.2
7efee3690000-7efee3691000 rw-p 00007000 08:0a 2367666                    /usr/lib/x86_64-linux-gnu/libffi.so.6.0.2
7efee3691000-7efee36a8000 r-xp 00000000 08:0a 4980940                    /lib/x86_64-linux-gnu/libresolv-2.19.so
7efee36a8000-7efee38a8000 ---p 00017000 08:0a 4980940                    /lib/x86_64-linux-gnu/libresolv-2.19.so
7efee38a8000-7efee38a9000 r--p 00017000 08:0a 4980940                    /lib/x86_64-linux-gnu/libresolv-2.19.so
7efee38a9000-7efee38aa000 rw-p 00018000 08:0a 4980940                    /lib/x86_64-linux-gnu/libresolv-2.19.so
7efee38aa000-7efee38ac000 rw-p 00000000 00:00 0 
7efee38ac000-7efee38cd000 r-xp 00000000 08:0a 4985014                    /lib/x86_64-linux-gnu/libselinux.so.1
7efee38cd000-7efee3acc000 ---p 00021000 08:0a 4985014                    /lib/x86_64-linux-gnu/libselinux.so.1
7efee3acc000-7efee3acd000 r--p 00020000 08:0a 4985014                    /lib/x86_64-linux-gnu/libselinux.so.1
7efee3acd000-7efee3ace000 rw-p 00021000 08:0a 4985014                    /lib/x86_64-linux-gnu/libselinux.so.1
7efee3ace000-7efeec000000 rw-p 00000000 00:00 0 
7efeec000000-7efeec021000 rw-p 00000000 00:00 0 
7efeec021000-7efef0000000 ---p 00000000 00:00 0 
7efef0000000-7efef0021000 rw-p 00000000 00:00 0 
7efef0021000-7efef4000000 ---p 00000000 00:00 0 
7efef4000000-7efef4021000 rw-p 00000000 00:00 0 
7efef4021000-7efef8000000 ---p 00000000 00:00 0 
7efef80f2000-7efef8123000 rw-p 00000000 00:00 0 
7efef8123000-7efef8126000 r-xp 00000000 08:0a 2359704                    /usr/lib/x86_64-linux-gnu/libgmodule-2.0.so.0.4200.1
7efef8126000-7efef8325000 ---p 00003000 08:0a 2359704                    /usr/lib/x86_64-linux-gnu/libgmodule-2.0.so.0.4200.1
7efef8325000-7efef8326000 r--p 00002000 08:0a 2359704                    /usr/lib/x86_64-linux-gnu/libgmodule-2.0.so.0.4200.1
7efef8326000-7efef8327000 rw-p 00003000 08:0a 2359704                    /usr/lib/x86_64-linux-gnu/libgmodule-2.0.so.0.4200.1
7efef8327000-7efef8433000 r-xp 00000000 08:0a 4984845                    /lib/x86_64-linux-gnu/libglib-2.0.so.0.4200.1
7efef8433000-7efef8633000 ---p 0010c000 08:0a 4984845                    /lib/x86_64-linux-gnu/libglib-2.0.so.0.4200.1
7efef8633000-7efef8634000 r--p 0010c000 08:0a 4984845                    /lib/x86_64-linux-gnu/libglib-2.0.so.0.4200.1
7efef8634000-7efef8635000 rw-p 0010d000 08:0a 4984845                    /lib/x86_64-linux-gnu/libglib-2.0.so.0.4200.1
7efef8635000-7efef8636000 rw-p 00000000 00:00 0 
7efef8636000-7efef8686000 r-xp 00000000 08:0a 2359683                    /usr/lib/x86_64-linux-gnu/libgobject-2.0.so.0.4200.1
7efef8686000-7efef8886000 ---p 00050000 08:0a 2359683                    /usr/lib/x86_64-linux-gnu/libgobject-2.0.so.0.4200.1
7efef8886000-7efef8887000 r--p 00050000 08:0a 2359683                    /usr/lib/x86_64-linux-gnu/libgobject-2.0.so.0.4200.1
7efef8887000-7efef8888000 rw-p 00051000 08:0a 2359683                    /usr/lib/x86_64-linux-gnu/libgobject-2.0.so.0.4200.1
7efef8888000-7efef89f9000 r-xp 00000000 08:0a 2359701                    /usr/lib/x86_64-linux-gnu/libgio-2.0.so.0.4200.1
7efef89f9000-7efef8bf9000 ---p 00171000 08:0a 2359701                    /usr/lib/x86_64-linux-gnu/libgio-2.0.so.0.4200.1
7efef8bf9000-7efef8bfd000 r--p 00171000 08:0a 2359701                    /usr/lib/x86_64-linux-gnu/libgio-2.0.so.0.4200.1
7efef8bfd000-7efef8bff000 rw-p 00175000 08:0a 2359701                    /usr/lib/x86_64-linux-gnu/libgio-2.0.so.0.4200.1
7efef8bff000-7efef8c01000 rw-p 00000000 00:00 0 
7efef8c1e000-7efef8c35000 r-xp 00000000 08:0a 5114942                    /usr/lib/jvm/java-7-openjdk-amd64/jre/lib/amd64/libnet.so
7efef8c35000-7efef8e34000 ---p 00017000 08:0a 5114942                    /usr/lib/jvm/java-7-openjdk-amd64/jre/lib/amd64/libnet.so
7efef8e34000-7efef8e35000 r--p 00016000 08:0a 5114942                    /usr/lib/jvm/java-7-openjdk-amd64/jre/lib/amd64/libnet.so
7efef8e35000-7efef8e36000 rw-p 00017000 08:0a 5114942                    /usr/lib/jvm/java-7-openjdk-amd64/jre/lib/amd64/libnet.so
7efef8e36000-7efef8e47000 r-xp 00000000 08:0a 5114918                    /usr/lib/jvm/java-7-openjdk-amd64/jre/lib/amd64/libnio.so
7efef8e47000-7efef9046000 ---p 00011000 08:0a 5114918                    /usr/lib/jvm/java-7-openjdk-amd64/jre/lib/amd64/libnio.so
7efef9046000-7efef9047000 r--p 00010000 08:0a 5114918                    /usr/lib/jvm/java-7-openjdk-amd64/jre/lib/amd64/libnio.so
7efef9047000-7efef9048000 rw-p 00011000 08:0a 5114918                    /usr/lib/jvm/java-7-openjdk-amd64/jre/lib/amd64/libnio.so
7efef906b000-7efef9147000 r--s 00943000 08:0a 20582397                   /home/lucas/git/melhoremcasa/SaudeEmCasa/app/build/intermediates/multi-dex/debug/allclasses.jar
7efef9147000-7efef9148000 ---p 00000000 00:00 0 
7efef9148000-7efef9248000 rw-p 00000000 00:00 0                          [stack:22151]
7efef9248000-7efef924b000 ---p 00000000 00:00 0 
7efef924b000-7efef9349000 rw-p 00000000 00:00 0                          [stack:22150]
7efef9349000-7efef934c000 ---p 00000000 00:00 0 
7efef934c000-7efef944a000 rw-p 00000000 00:00 0                          [stack:22149]
7efef944a000-7efef944d000 ---p 00000000 00:00 0 
7efef944d000-7efef954b000 rw-p 00000000 00:00 0                          [stack:22148]
7efef954b000-7efef954e000 ---p 00000000 00:00 0 
7efef954e000-7efef964c000 rw-p 00000000 00:00 0                          [stack:22147]
7efef964c000-7efef9d30000 r--p 00000000 08:0a 2366447                    /usr/lib/locale/locale-archive
7efef9d30000-7efef9d33000 ---p 00000000 00:00 0 
7efef9d33000-7efef9e31000 rw-p 00000000 00:00 0                          [stack:22146]
7efef9e31000-7efef9e34000 ---p 00000000 00:00 0 
7efef9e34000-7efef9f32000 rw-p 00000000 00:00 0                          [stack:22145]
7efef9f32000-7efef9f33000 ---p 00000000 00:00 0 
7efef9f33000-7efefc000000 rw-p 00000000 00:00 0                          [stack:22144]
7efefc000000-7efefc021000 rw-p 00000000 00:00 0 
7efefc021000-7eff00000000 ---p 00000000 00:00 0 
7eff00000000-7eff00021000 rw-p 00000000 00:00 0 
7eff00021000-7eff04000000 ---p 00000000 00:00 0 
7eff04000000-7eff04021000 rw-p 00000000 00:00 0 
7eff04021000-7eff08000000 ---p 00000000 00:00 0 
7eff08000000-7eff08021000 rw-p 00000000 00:00 0 
7eff08021000-7eff0c000000 ---p 00000000 00:00 0 
7eff0c00f000-7eff0c522000 rw-p 00000000 00:00 0 
7eff0c522000-7eff0c6d3000 r--s 01d27000 08:0a 5114949                    /usr/lib/jvm/java-7-openjdk-amd64/jre/lib/rt.jar
7eff0c6d3000-7eff0c7f8000 rw-p 00000000 00:00 0 
7eff0c7f8000-7eff0c7f9000 ---p 00000000 00:00 0 
7eff0c7f9000-7eff0c8f9000 rw-p 00000000 00:00 0                          [stack:22143]
7eff0c8f9000-7eff0c8fa000 ---p 00000000 00:00 0 
7eff0c8fa000-7eff0c9fa000 rw-p 00000000 00:00 0                          [stack:22142]
7eff0c9fa000-7eff0c9fb000 ---p 00000000 00:00 0 
7eff0c9fb000-7eff0cafb000 rw-p 00000000 00:00 0                          [stack:22141]
7eff0cafb000-7eff0cafc000 ---p 00000000 00:00 0 
7eff0cafc000-7eff0cbfc000 rw-p 00000000 00:00 0                          [stack:22140]
7eff0cbfc000-7eff0cbfd000 ---p 00000000 00:00 0 
7eff0cbfd000-7eff0ccfd000 rw-p 00000000 00:00 0                          [stack:22139]
7eff0ccfd000-7eff0ccfe000 ---p 00000000 00:00 0 
7eff0ccfe000-7eff0cdfe000 rw-p 00000000 00:00 0                          [stack:22138]
7eff0cdfe000-7eff0cdff000 ---p 00000000 00:00 0 
7eff0cdff000-7eff0ceff000 rw-p 00000000 00:00 0                          [stack:22137]
7eff0ceff000-7eff0cf00000 ---p 00000000 00:00 0 
7eff0cf00000-7eff0d000000 rw-p 00000000 00:00 0                          [stack:22136]
7eff0d000000-7eff0d450000 rwxp 00000000 00:00 0 
7eff0d450000-7eff102cd000 rw-p 00000000 00:00 0 
7eff102cd000-7eff14000000 ---p 00000000 00:00 0 
7eff14019000-7eff1404c000 rw-p 00000000 00:00 0 
7eff1404c000-7eff14094000 rw-p 00000000 00:00 0 
7eff14094000-7eff14182000 rw-p 00000000 00:00 0 
7eff14182000-7eff145ea000 rw-p 00000000 00:00 0 
7eff145ea000-7eff145f5000 rw-p 00000000 00:00 0 
7eff145f5000-7eff1463d000 rw-p 00000000 00:00 0 
7eff1463d000-7eff1472b000 rw-p 00000000 00:00 0 
7eff1472b000-7eff14b92000 rw-p 00000000 00:00 0 
7eff14b92000-7eff14d60000 rw-p 00000000 00:00 0 
7eff14d60000-7eff14e3d000 rw-p 00000000 00:00 0 
7eff14e3d000-7eff14e3e000 rw-p 00000000 00:00 0 
7eff14e3e000-7eff14e46000 r-xp 00000000 08:0a 5114920                    /usr/lib/jvm/java-7-openjdk-amd64/jre/lib/amd64/libzip.so
7eff14e46000-7eff15045000 ---p 00008000 08:0a 5114920                    /usr/lib/jvm/java-7-openjdk-amd64/jre/lib/amd64/libzip.so
7eff15045000-7eff15046000 r--p 00007000 08:0a 5114920                    /usr/lib/jvm/java-7-openjdk-amd64/jre/lib/amd64/libzip.so
7eff15046000-7eff15047000 rw-p 00008000 08:0a 5114920                    /usr/lib/jvm/java-7-openjdk-amd64/jre/lib/amd64/libzip.so
7eff15047000-7eff15052000 r-xp 00000000 08:0a 4980945                    /lib/x86_64-linux-gnu/libnss_files-2.19.so
7eff15052000-7eff15251000 ---p 0000b000 08:0a 4980945                    /lib/x86_64-linux-gnu/libnss_files-2.19.so
7eff15251000-7eff15252000 r--p 0000a000 08:0a 4980945                    /lib/x86_64-linux-gnu/libnss_files-2.19.so
7eff15252000-7eff15253000 rw-p 0000b000 08:0a 4980945                    /lib/x86_64-linux-gnu/libnss_files-2.19.so
7eff15253000-7eff1525e000 r-xp 00000000 08:0a 4980947                    /lib/x86_64-linux-gnu/libnss_nis-2.19.so
7eff1525e000-7eff1545d000 ---p 0000b000 08:0a 4980947                    /lib/x86_64-linux-gnu/libnss_nis-2.19.so
7eff1545d000-7eff1545e000 r--p 0000a000 08:0a 4980947                    /lib/x86_64-linux-gnu/libnss_nis-2.19.so
7eff1545e000-7eff1545f000 rw-p 0000b000 08:0a 4980947                    /lib/x86_64-linux-gnu/libnss_nis-2.19.so
7eff1545f000-7eff15476000 r-xp 00000000 08:0a 4980931                    /lib/x86_64-linux-gnu/libnsl-2.19.so
7eff15476000-7eff15675000 ---p 00017000 08:0a 4980931                    /lib/x86_64-linux-gnu/libnsl-2.19.so
7eff15675000-7eff15676000 r--p 00016000 08:0a 4980931                    /lib/x86_64-linux-gnu/libnsl-2.19.so
7eff15676000-7eff15677000 rw-p 00017000 08:0a 4980931                    /lib/x86_64-linux-gnu/libnsl-2.19.so
7eff15677000-7eff15679000 rw-p 00000000 00:00 0 
7eff15679000-7eff15682000 r-xp 00000000 08:0a 4980932                    /lib/x86_64-linux-gnu/libnss_compat-2.19.so
7eff15682000-7eff15881000 ---p 00009000 08:0a 4980932                    /lib/x86_64-linux-gnu/libnss_compat-2.19.so
7eff15881000-7eff15882000 r--p 00008000 08:0a 4980932                    /lib/x86_64-linux-gnu/libnss_compat-2.19.so
7eff15882000-7eff15883000 rw-p 00009000 08:0a 4980932                    /lib/x86_64-linux-gnu/libnss_compat-2.19.so
7eff15883000-7eff158b0000 r-xp 00000000 08:0a 5114930                    /usr/lib/jvm/java-7-openjdk-amd64/jre/lib/amd64/libjava.so
7eff158b0000-7eff15aaf000 ---p 0002d000 08:0a 5114930                    /usr/lib/jvm/java-7-openjdk-amd64/jre/lib/amd64/libjava.so
7eff15aaf000-7eff15ab0000 r--p 0002c000 08:0a 5114930                    /usr/lib/jvm/java-7-openjdk-amd64/jre/lib/amd64/libjava.so
7eff15ab0000-7eff15ab2000 rw-p 0002d000 08:0a 5114930                    /usr/lib/jvm/java-7-openjdk-amd64/jre/lib/amd64/libjava.so
7eff15ab2000-7eff15ac3000 r-xp 00000000 08:0a 5114933                    /usr/lib/jvm/java-7-openjdk-amd64/jre/lib/amd64/libverify.so
7eff15ac3000-7eff15cc2000 ---p 00011000 08:0a 5114933                    /usr/lib/jvm/java-7-openjdk-amd64/jre/lib/amd64/libverify.so
7eff15cc2000-7eff15cc4000 r--p 00010000 08:0a 5114933                    /usr/lib/jvm/java-7-openjdk-amd64/jre/lib/amd64/libverify.so
7eff15cc4000-7eff15cc5000 rw-p 00012000 08:0a 5114933                    /usr/lib/jvm/java-7-openjdk-amd64/jre/lib/amd64/libverify.so
7eff15cc5000-7eff15ccc000 r-xp 00000000 08:0a 4980948                    /lib/x86_64-linux-gnu/librt-2.19.so
7eff15ccc000-7eff15ecb000 ---p 00007000 08:0a 4980948                    /lib/x86_64-linux-gnu/librt-2.19.so
7eff15ecb000-7eff15ecc000 r--p 00006000 08:0a 4980948                    /lib/x86_64-linux-gnu/librt-2.19.so
7eff15ecc000-7eff15ecd000 rw-p 00007000 08:0a 4980948                    /lib/x86_64-linux-gnu/librt-2.19.so
7eff15ecd000-7eff15ee3000 r-xp 00000000 08:0a 4984905                    /lib/x86_64-linux-gnu/libgcc_s.so.1
7eff15ee3000-7eff160e2000 ---p 00016000 08:0a 4984905                    /lib/x86_64-linux-gnu/libgcc_s.so.1
7eff160e2000-7eff160e3000 r--p 00015000 08:0a 4984905                    /lib/x86_64-linux-gnu/libgcc_s.so.1
7eff160e3000-7eff160e4000 rw-p 00016000 08:0a 4984905                    /lib/x86_64-linux-gnu/libgcc_s.so.1
7eff160e4000-7eff161e9000 r-xp 00000000 08:0a 4980927                    /lib/x86_64-linux-gnu/libm-2.19.so
7eff161e9000-7eff163e8000 ---p 00105000 08:0a 4980927                    /lib/x86_64-linux-gnu/libm-2.19.so
7eff163e8000-7eff163e9000 r--p 00104000 08:0a 4980927                    /lib/x86_64-linux-gnu/libm-2.19.so
7eff163e9000-7eff163ea000 rw-p 00105000 08:0a 4980927                    /lib/x86_64-linux-gnu/libm-2.19.so
7eff163ea000-7eff164da000 r-xp 00000000 08:0a 2368318                    /usr/lib/x86_64-linux-gnu/libstdc++.so.6.0.20
7eff164da000-7eff166da000 ---p 000f0000 08:0a 2368318                    /usr/lib/x86_64-linux-gnu/libstdc++.so.6.0.20
7eff166da000-7eff166e2000 r--p 000f0000 08:0a 2368318                    /usr/lib/x86_64-linux-gnu/libstdc++.so.6.0.20
7eff166e2000-7eff166e4000 rw-p 000f8000 08:0a 2368318                    /usr/lib/x86_64-linux-gnu/libstdc++.so.6.0.20
7eff166e4000-7eff166f9000 rw-p 00000000 00:00 0 
7eff166f9000-7eff17249000 r-xp 00000000 08:0a 6685571                    /usr/lib/jvm/java-7-openjdk-amd64/jre/lib/amd64/server/libjvm.so
7eff17249000-7eff17448000 ---p 00b50000 08:0a 6685571                    /usr/lib/jvm/java-7-openjdk-amd64/jre/lib/amd64/server/libjvm.so
7eff17448000-7eff174e7000 r--p 00b4f000 08:0a 6685571                    /usr/lib/jvm/java-7-openjdk-amd64/jre/lib/amd64/server/libjvm.so
7eff174e7000-7eff1750a000 rw-p 00bee000 08:0a 6685571                    /usr/lib/jvm/java-7-openjdk-amd64/jre/lib/amd64/server/libjvm.so
7eff1750a000-7eff17537000 rw-p 00000000 00:00 0 
7eff17537000-7eff1754f000 r-xp 00000000 08:0a 4985049                    /lib/x86_64-linux-gnu/libz.so.1.2.8
7eff1754f000-7eff1774e000 ---p 00018000 08:0a 4985049                    /lib/x86_64-linux-gnu/libz.so.1.2.8
7eff1774e000-7eff1774f000 r--p 00017000 08:0a 4985049                    /lib/x86_64-linux-gnu/libz.so.1.2.8
7eff1774f000-7eff17750000 rw-p 00018000 08:0a 4985049                    /lib/x86_64-linux-gnu/libz.so.1.2.8
7eff17750000-7eff17769000 r-xp 00000000 08:0a 4980935                    /lib/x86_64-linux-gnu/libpthread-2.19.so
7eff17769000-7eff17968000 ---p 00019000 08:0a 4980935                    /lib/x86_64-linux-gnu/libpthread-2.19.so
7eff17968000-7eff17969000 r--p 00018000 08:0a 4980935                    /lib/x86_64-linux-gnu/libpthread-2.19.so
7eff17969000-7eff1796a000 rw-p 00019000 08:0a 4980935                    /lib/x86_64-linux-gnu/libpthread-2.19.so
7eff1796a000-7eff1796e000 rw-p 00000000 00:00 0 
7eff1796e000-7eff17971000 r-xp 00000000 08:0a 4980934                    /lib/x86_64-linux-gnu/libdl-2.19.so
7eff17971000-7eff17b70000 ---p 00003000 08:0a 4980934                    /lib/x86_64-linux-gnu/libdl-2.19.so
7eff17b70000-7eff17b71000 r--p 00002000 08:0a 4980934                    /lib/x86_64-linux-gnu/libdl-2.19.so
7eff17b71000-7eff17b72000 rw-p 00003000 08:0a 4980934                    /lib/x86_64-linux-gnu/libdl-2.19.so
7eff17b72000-7eff17d2c000 r-xp 00000000 08:0a 4980946                    /lib/x86_64-linux-gnu/libc-2.19.so
7eff17d2c000-7eff17f2b000 ---p 001ba000 08:0a 4980946                    /lib/x86_64-linux-gnu/libc-2.19.so
7eff17f2b000-7eff17f2f000 r--p 001b9000 08:0a 4980946                    /lib/x86_64-linux-gnu/libc-2.19.so
7eff17f2f000-7eff17f31000 rw-p 001bd000 08:0a 4980946                    /lib/x86_64-linux-gnu/libc-2.19.so
7eff17f31000-7eff17f36000 rw-p 00000000 00:00 0 
7eff17f36000-7eff17f43000 r-xp 00000000 08:0a 6685569                    /usr/lib/jvm/java-7-openjdk-amd64/jre/lib/amd64/jli/libjli.so
7eff17f43000-7eff18142000 ---p 0000d000 08:0a 6685569                    /usr/lib/jvm/java-7-openjdk-amd64/jre/lib/amd64/jli/libjli.so
7eff18142000-7eff18143000 r--p 0000c000 08:0a 6685569                    /usr/lib/jvm/java-7-openjdk-amd64/jre/lib/amd64/jli/libjli.so
7eff18143000-7eff18144000 rw-p 0000d000 08:0a 6685569                    /usr/lib/jvm/java-7-openjdk-amd64/jre/lib/amd64/jli/libjli.so
7eff18144000-7eff18167000 r-xp 00000000 08:0a 4980941                    /lib/x86_64-linux-gnu/ld-2.19.so
7eff18171000-7eff18172000 rw-p 00000000 00:00 0 
7eff18172000-7eff18181000 r--s 000df000 08:0a 18220658                   /home/lucas/Android/Sdk/build-tools/23.0.1/lib/dx.jar
7eff18181000-7eff18193000 rw-p 00000000 00:00 0 
7eff18193000-7eff18241000 rw-p 00000000 00:00 0 
7eff18241000-7eff18244000 ---p 00000000 00:00 0 
7eff18244000-7eff18347000 rw-p 00000000 00:00 0                          [stack:22135]
7eff18347000-7eff18349000 r--s 00012000 08:0a 6685581                    /usr/lib/jvm/java-7-openjdk-amd64/jre/lib/ext/zipfs.jar
7eff18349000-7eff1834d000 r--s 0003c000 08:0a 6685580                    /usr/lib/jvm/java-7-openjdk-amd64/jre/lib/ext/sunpkcs11.jar
7eff1834d000-7eff1834f000 r--s 00006000 08:0a 2756432                    /usr/share/java/java-atk-wrapper.jar
7eff1834f000-7eff18350000 r--s 00002000 08:0a 6685583                    /usr/lib/jvm/java-7-openjdk-amd64/jre/lib/ext/dnsns.jar
7eff18350000-7eff18354000 r--s 00034000 08:0a 6685584                    /usr/lib/jvm/java-7-openjdk-amd64/jre/lib/ext/sunjce_provider.jar
7eff18354000-7eff18357000 r--s 0000f000 08:0a 6685582                    /usr/lib/jvm/java-7-openjdk-amd64/jre/lib/ext/icedtea-sound.jar
7eff18357000-7eff1835a000 r--s 00086000 08:0a 6685585                    /usr/lib/jvm/java-7-openjdk-amd64/jre/lib/ext/localedata.jar
7eff1835a000-7eff18362000 rw-s 00000000 08:0a 3694237                    /tmp/hsperfdata_lucas/22130
7eff18362000-7eff18363000 rw-p 00000000 00:00 0 
7eff18363000-7eff18364000 ---p 00000000 00:00 0 
7eff18364000-7eff18366000 rw-p 00000000 00:00 0 
7eff18366000-7eff18367000 r--p 00022000 08:0a 4980941                    /lib/x86_64-linux-gnu/ld-2.19.so
7eff18367000-7eff18368000 rw-p 00023000 08:0a 4980941                    /lib/x86_64-linux-gnu/ld-2.19.so
7eff18368000-7eff18369000 rw-p 00000000 00:00 0 
7fff73770000-7fff73791000 rw-p 00000000 00:00 0                          [stack]
7fff737fc000-7fff737fe000 r-xp 00000000 00:00 0                          [vdso]
7fff737fe000-7fff73800000 r--p 00000000 00:00 0                          [vvar]
ffffffffff600000-ffffffffff601000 r-xp 00000000 00:00 0                  [vsyscall]

VM Arguments:
jvm_args: -Xmx4g -Dfile.encoding=UTF-8 -Duser.country=US -Duser.language=en -Duser.variant 
java_command: com.android.dx.command.Main --dex --num-threads=4 --multi-dex --main-dex-list /home/lucas/git/melhoremcasa/SaudeEmCasa/app/build/intermediates/multi-dex/debug/maindexlist.txt --multi-dex --output /home/lucas/git/melhoremcasa/SaudeEmCasa/app/build/intermediates/dex/debug /home/lucas/git/melhoremcasa/SaudeEmCasa/app/build/intermediates/multi-dex/debug/allclasses.jar
Launcher Type: SUN_STANDARD

Environment Variables:
PATH=/usr/local/sbin:/usr/local/bin:/usr/sbin:/usr/bin:/sbin:/bin:/usr/games:/usr/local/games
USERNAME=lucas
LD_LIBRARY_PATH=.:
SHELL=/bin/bash
DISPLAY=:0

Signal Handlers:
SIGSEGV: [libjvm.so+0x983740], sa_mask[0]=0x7ffbfeff, sa_flags=0x10000004
SIGBUS: [libjvm.so+0x983740], sa_mask[0]=0x7ffbfeff, sa_flags=0x10000004
SIGFPE: [libjvm.so+0x7f0180], sa_mask[0]=0x7ffbfeff, sa_flags=0x10000004
SIGPIPE: [libjvm.so+0x7f0180], sa_mask[0]=0x7ffbfeff, sa_flags=0x10000004
SIGXFSZ: [libjvm.so+0x7f0180], sa_mask[0]=0x7ffbfeff, sa_flags=0x10000004
SIGILL: [libjvm.so+0x7f0180], sa_mask[0]=0x7ffbfeff, sa_flags=0x10000004
SIGUSR1: SIG_DFL, sa_mask[0]=0x00000000, sa_flags=0x00000000
SIGUSR2: [libjvm.so+0x7f0000], sa_mask[0]=0x00000004, sa_flags=0x10000004
SIGHUP: [libjvm.so+0x7f0200], sa_mask[0]=0x7ffbfeff, sa_flags=0x10000004
SIGINT: [libjvm.so+0x7f0200], sa_mask[0]=0x7ffbfeff, sa_flags=0x10000004
SIGTERM: [libjvm.so+0x7f0200], sa_mask[0]=0x7ffbfeff, sa_flags=0x10000004
SIGQUIT: [libjvm.so+0x7f0200], sa_mask[0]=0x7ffbfeff, sa_flags=0x10000004
SIGTRAP: SIG_DFL, sa_mask[0]=0x00000000, sa_flags=0x00000000


---------------  S Y S T E M  ---------------

OS:Ubuntu 14.10 (utopic)
uname:Linux 3.16.0-30-generic #40-Ubuntu SMP Mon Jan 12 22:06:37 UTC 2015 x86_64
libc:glibc 2.19 NPTL 2.19 
rlimit: STACK 8192k, CORE 0k, NPROC 31351, NOFILE 4096, AS infinity
load average:21.83 8.04 3.26

/proc/meminfo:
MemTotal:        8091880 kB
MemFree:          131584 kB
MemAvailable:      85120 kB
Buffers:             488 kB
Cached:           821208 kB
SwapCached:          172 kB
Active:          5717188 kB
Inactive:        1385584 kB
Active(anon):    5706640 kB
Inactive(anon):  1369164 kB
Active(file):      10548 kB
Inactive(file):    16420 kB
Unevictable:         300 kB
Mlocked:             300 kB
SwapTotal:          2044 kB
SwapFree:              0 kB
Dirty:               188 kB
Writeback:             0 kB
AnonPages:       6281916 kB
Mapped:          1116080 kB
Shmem:            794016 kB
Slab:              99628 kB
SReclaimable:      49048 kB
SUnreclaim:        50580 kB
KernelStack:       13024 kB
PageTables:        53360 kB
NFS_Unstable:          0 kB
Bounce:                0 kB
WritebackTmp:          0 kB
CommitLimit:     4047984 kB
Committed_AS:   13124708 kB
VmallocTotal:   34359738367 kB
VmallocUsed:      361668 kB
VmallocChunk:   34359301888 kB
HardwareCorrupted:     0 kB
AnonHugePages:   3006464 kB
HugePages_Total:       0
HugePages_Free:        0
HugePages_Rsvd:        0
HugePages_Surp:        0
Hugepagesize:       2048 kB
DirectMap4k:       98252 kB
DirectMap2M:     7157760 kB
DirectMap1G:     1048576 kB


CPU:total 8 (4 cores per cpu, 2 threads per core) family 6 model 60 stepping 3, cmov, cx8, fxsr, mmx, sse, sse2, sse3, ssse3, sse4.1, sse4.2, popcnt, avx, avx2, aes, erms, ht, tsc, tscinvbit

/proc/cpuinfo:
processor	: 0
vendor_id	: GenuineIntel
cpu family	: 6
model		: 60
model name	: Intel(R) Core(TM) i7-4710HQ CPU @ 2.50GHz
stepping	: 3
microcode	: 0x17
cpu MHz		: 2171.875
cache size	: 6144 KB
physical id	: 0
siblings	: 8
core id		: 0
cpu cores	: 4
apicid		: 0
initial apicid	: 0
fpu		: yes
fpu_exception	: yes
cpuid level	: 13
wp		: yes
flags		: fpu vme de pse tsc msr pae mce cx8 apic sep mtrr pge mca cmov pat pse36 clflush dts acpi mmx fxsr sse sse2 ss ht tm pbe syscall nx pdpe1gb rdtscp lm constant_tsc arch_perfmon pebs bts rep_good nopl xtopology nonstop_tsc aperfmperf eagerfpu pni pclmulqdq dtes64 monitor ds_cpl vmx est tm2 ssse3 fma cx16 xtpr pdcm pcid sse4_1 sse4_2 x2apic movbe popcnt tsc_deadline_timer aes xsave avx f16c rdrand lahf_lm abm ida arat epb xsaveopt pln pts dtherm tpr_shadow vnmi flexpriority ept vpid fsgsbase tsc_adjust bmi1 avx2 smep bmi2 erms invpcid
bogomips	: 4987.95
clflush size	: 64
cache_alignment	: 64
address sizes	: 39 bits physical, 48 bits virtual
power management:

processor	: 1
vendor_id	: GenuineIntel
cpu family	: 6
model		: 60
model name	: Intel(R) Core(TM) i7-4710HQ CPU @ 2.50GHz
stepping	: 3
microcode	: 0x17
cpu MHz		: 2385.253
cache size	: 6144 KB
physical id	: 0
siblings	: 8
core id		: 1
cpu cores	: 4
apicid		: 2
initial apicid	: 2
fpu		: yes
fpu_exception	: yes
cpuid level	: 13
wp		: yes
flags		: fpu vme de pse tsc msr pae mce cx8 apic sep mtrr pge mca cmov pat pse36 clflush dts acpi mmx fxsr sse sse2 ss ht tm pbe syscall nx pdpe1gb rdtscp lm constant_tsc arch_perfmon pebs bts rep_good nopl xtopology nonstop_tsc aperfmperf eagerfpu pni pclmulqdq dtes64 monitor ds_cpl vmx est tm2 ssse3 fma cx16 xtpr pdcm pcid sse4_1 sse4_2 x2apic movbe popcnt tsc_deadline_timer aes xsave avx f16c rdrand lahf_lm abm ida arat epb xsaveopt pln pts dtherm tpr_shadow vnmi flexpriority ept vpid fsgsbase tsc_adjust bmi1 avx2 smep bmi2 erms invpcid
bogomips	: 4987.95
clflush size	: 64
cache_alignment	: 64
address sizes	: 39 bits physical, 48 bits virtual
power management:

processor	: 2
vendor_id	: GenuineIntel
cpu family	: 6
model		: 60
model name	: Intel(R) Core(TM) i7-4710HQ CPU @ 2.50GHz
stepping	: 3
microcode	: 0x17
cpu MHz		: 2408.007
cache size	: 6144 KB
physical id	: 0
siblings	: 8
core id		: 2
cpu cores	: 4
apicid		: 4
initial apicid	: 4
fpu		: yes
fpu_exception	: yes
cpuid level	: 13
wp		: yes
flags		: fpu vme de pse tsc msr pae mce cx8 apic sep mtrr pge mca cmov pat pse36 clflush dts acpi mmx fxsr sse sse2 ss ht tm pbe syscall nx pdpe1gb rdtscp lm constant_tsc arch_perfmon pebs bts rep_good nopl xtopology nonstop_tsc aperfmperf eagerfpu pni pclmulqdq dtes64 monitor ds_cpl vmx est tm2 ssse3 fma cx16 xtpr pdcm pcid sse4_1 sse4_2 x2apic movbe popcnt tsc_deadline_timer aes xsave avx f16c rdrand lahf_lm abm ida arat epb xsaveopt pln pts dtherm tpr_shadow vnmi flexpriority ept vpid fsgsbase tsc_adjust bmi1 avx2 smep bmi2 erms invpcid
bogomips	: 4987.95
clflush size	: 64
cache_alignment	: 64
address sizes	: 39 bits physical, 48 bits virtual
power management:

processor	: 3
vendor_id	: GenuineIntel
cpu family	: 6
model		: 60
model name	: Intel(R) Core(TM) i7-4710HQ CPU @ 2.50GHz
stepping	: 3
microcode	: 0x17
cpu MHz		: 2310.937
cache size	: 6144 KB
physical id	: 0
siblings	: 8
core id		: 3
cpu cores	: 4
apicid		: 6
initial apicid	: 6
fpu		: yes
fpu_exception	: yes
cpuid level	: 13
wp		: yes
flags		: fpu vme de pse tsc msr pae mce cx8 apic sep mtrr pge mca cmov pat pse36 clflush dts acpi mmx fxsr sse sse2 ss ht tm pbe syscall nx pdpe1gb rdtscp lm constant_tsc arch_perfmon pebs bts rep_good nopl xtopology nonstop_tsc aperfmperf eagerfpu pni pclmulqdq dtes64 monitor ds_cpl vmx est tm2 ssse3 fma cx16 xtpr pdcm pcid sse4_1 sse4_2 x2apic movbe popcnt tsc_deadline_timer aes xsave avx f16c rdrand lahf_lm abm ida arat epb xsaveopt pln pts dtherm tpr_shadow vnmi flexpriority ept vpid fsgsbase tsc_adjust bmi1 avx2 smep bmi2 erms invpcid
bogomips	: 4987.95
clflush size	: 64
cache_alignment	: 64
address sizes	: 39 bits physical, 48 bits virtual
power management:

processor	: 4
vendor_id	: GenuineIntel
cpu family	: 6
model		: 60
model name	: Intel(R) Core(TM) i7-4710HQ CPU @ 2.50GHz
stepping	: 3
microcode	: 0x17
cpu MHz		: 2427.929
cache size	: 6144 KB
physical id	: 0
siblings	: 8
core id		: 0
cpu cores	: 4
apicid		: 1
initial apicid	: 1
fpu		: yes
fpu_exception	: yes
cpuid level	: 13
wp		: yes
flags		: fpu vme de pse tsc msr pae mce cx8 apic sep mtrr pge mca cmov pat pse36 clflush dts acpi mmx fxsr sse sse2 ss ht tm pbe syscall nx pdpe1gb rdtscp lm constant_tsc arch_perfmon pebs bts rep_good nopl xtopology nonstop_tsc aperfmperf eagerfpu pni pclmulqdq dtes64 monitor ds_cpl vmx est tm2 ssse3 fma cx16 xtpr pdcm pcid sse4_1 sse4_2 x2apic movbe popcnt tsc_deadline_timer aes xsave avx f16c rdrand lahf_lm abm ida arat epb xsaveopt pln pts dtherm tpr_shadow vnmi flexpriority ept vpid fsgsbase tsc_adjust bmi1 avx2 smep bmi2 erms invpcid
bogomips	: 4987.95
clflush size	: 64
cache_alignment	: 64
address sizes	: 39 bits physical, 48 bits virtual
power management:

processor	: 5
vendor_id	: GenuineIntel
cpu family	: 6
model		: 60
model name	: Intel(R) Core(TM) i7-4710HQ CPU @ 2.50GHz
stepping	: 3
microcode	: 0x17
cpu MHz		: 2405.566
cache size	: 6144 KB
physical id	: 0
siblings	: 8
core id		: 1
cpu cores	: 4
apicid		: 3
initial apicid	: 3
fpu		: yes
fpu_exception	: yes
cpuid level	: 13
wp		: yes
flags		: fpu vme de pse tsc msr pae mce cx8 apic sep mtrr pge mca cmov pat pse36 clflush dts acpi mmx fxsr sse sse2 ss ht tm pbe syscall nx pdpe1gb rdtscp lm constant_tsc arch_perfmon pebs bts rep_good nopl xtopology nonstop_tsc aperfmperf eagerfpu pni pclmulqdq dtes64 monitor ds_cpl vmx est tm2 ssse3 fma cx16 xtpr pdcm pcid sse4_1 sse4_2 x2apic movbe popcnt tsc_deadline_timer aes xsave avx f16c rdrand lahf_lm abm ida arat epb xsaveopt pln pts dtherm tpr_shadow vnmi flexpriority ept vpid fsgsbase tsc_adjust bmi1 avx2 smep bmi2 erms invpcid
bogomips	: 4987.95
clflush size	: 64
cache_alignment	: 64
address sizes	: 39 bits physical, 48 bits virtual
power management:

processor	: 6
vendor_id	: GenuineIntel
cpu family	: 6
model		: 60
model name	: Intel(R) Core(TM) i7-4710HQ CPU @ 2.50GHz
stepping	: 3
microcode	: 0x17
cpu MHz		: 2487.011
cache size	: 6144 KB
physical id	: 0
siblings	: 8
core id		: 2
cpu cores	: 4
apicid		: 5
initial apicid	: 5
fpu		: yes
fpu_exception	: yes
cpuid level	: 13
wp		: yes
flags		: fpu vme de pse tsc msr pae mce cx8 apic sep mtrr pge mca cmov pat pse36 clflush dts acpi mmx fxsr sse sse2 ss ht tm pbe syscall nx pdpe1gb rdtscp lm constant_tsc arch_perfmon pebs bts rep_good nopl xtopology nonstop_tsc aperfmperf eagerfpu pni pclmulqdq dtes64 monitor ds_cpl vmx est tm2 ssse3 fma cx16 xtpr pdcm pcid sse4_1 sse4_2 x2apic movbe popcnt tsc_deadline_timer aes xsave avx f16c rdrand lahf_lm abm ida arat epb xsaveopt pln pts dtherm tpr_shadow vnmi flexpriority ept vpid fsgsbase tsc_adjust bmi1 avx2 smep bmi2 erms invpcid
bogomips	: 4987.95
clflush size	: 64
cache_alignment	: 64
address sizes	: 39 bits physical, 48 bits virtual
power management:

processor	: 7
vendor_id	: GenuineIntel
cpu family	: 6
model		: 60
model name	: Intel(R) Core(TM) i7-4710HQ CPU @ 2.50GHz
stepping	: 3
microcode	: 0x17
cpu MHz		: 2252.050
cache size	: 6144 KB
physical id	: 0
siblings	: 8
core id		: 3
cpu cores	: 4
apicid		: 7
initial apicid	: 7
fpu		: yes
fpu_exception	: yes
cpuid level	: 13
wp		: yes
flags		: fpu vme de pse tsc msr pae mce cx8 apic sep mtrr pge mca cmov pat pse36 clflush dts acpi mmx fxsr sse sse2 ss ht tm pbe syscall nx pdpe1gb rdtscp lm constant_tsc arch_perfmon pebs bts rep_good nopl xtopology nonstop_tsc aperfmperf eagerfpu pni pclmulqdq dtes64 monitor ds_cpl vmx est tm2 ssse3 fma cx16 xtpr pdcm pcid sse4_1 sse4_2 x2apic movbe popcnt tsc_deadline_timer aes xsave avx f16c rdrand lahf_lm abm ida arat epb xsaveopt pln pts dtherm tpr_shadow vnmi flexpriority ept vpid fsgsbase tsc_adjust bmi1 avx2 smep bmi2 erms invpcid
bogomips	: 4987.95
clflush size	: 64
cache_alignment	: 64
address sizes	: 39 bits physical, 48 bits virtual
power management:



Memory: 4k page, physical 8091880k(131584k free), swap 2044k(0k free)

vm_info: OpenJDK 64-Bit Server VM (24.79-b02) for linux-amd64 JRE (1.7.0_79-b14), built on Apr 16 2015 08:25:58 by "buildd" with gcc 4.9.1

time: Mon Nov 30 18:38:01 2015
elapsed time: 100 seconds

